#
# There is insufficient memory for the Java Runtime Environment to continue.
# Native memory allocation (mmap) failed to map 16777216 bytes for G1 virtual space
# Possible reasons:
#   The system is out of physical RAM or swap space
#   The process is running with CompressedOops enabled, and the Java Heap may be blocking the growth of the native heap
# Possible solutions:
#   Reduce memory load on the system
#   Increase physical memory or swap space
#   Check if swap backing store is full
#   Decrease Java heap size (-Xmx/-Xms)
#   Decrease number of Java threads
#   Decrease Java thread stack sizes (-Xss)
#   Set larger code cache with -XX:ReservedCodeCacheSize=
#   JVM is running with Unscaled Compressed Oops mode in which the Java heap is
#     placed in the first 4GB address space. The Java Heap base address is the
#     maximum limit for the native heap growth. Please use -XX:HeapBaseMinAddress
#     to set the Java Heap base and to place the Java Heap above 4GB virtual address.
# This output file may be truncated or incomplete.
#
#  Out of Memory Error (os_windows.cpp:3825), pid=20124, tid=7872
#
# JRE version: OpenJDK Runtime Environment (17.0.10) (build 17.0.10+0--11572160)
# Java VM: OpenJDK 64-Bit Server VM (17.0.10+0--11572160, mixed mode, tiered, compressed oops, compressed class ptrs, g1 gc, windows-amd64)
# No core dump will be written. Minidumps are not enabled by default on client versions of Windows
#

---------------  S U M M A R Y ------------

Command Line: org.jetbrains.kotlin.cli.jvm.K2JVMCompiler @C:\Users\Noah Marinic\Documents\GitHub\BA_STUFF\React Native\PWManager\pwmanager\node_modules\react-native-screens\android\build\20240520_3596684401420681524.compiler.options

Host: AMD Ryzen 5 5500U with Radeon Graphics         , 12 cores, 5G,  Windows 11 , 64 bit Build 22621 (10.0.22621.3527)
Time: Mon May 20 16:38:44 2024 Mitteleuropäische Sommerzeit elapsed time: 38.737590 seconds (0d 0h 0m 38s)

---------------  T H R E A D  ---------------

Current thread (0x000001f27c27ea20):  VMThread "VM Thread" [stack: 0x00000026d2800000,0x00000026d2900000] [id=7872]

Stack: [0x00000026d2800000,0x00000026d2900000]
Native frames: (J=compiled Java code, j=interpreted, Vv=VM code, C=native code)
V  [jvm.dll+0x688e89]
V  [jvm.dll+0x84247a]
V  [jvm.dll+0x8440be]
V  [jvm.dll+0x844723]
V  [jvm.dll+0x24be0f]
V  [jvm.dll+0x685c59]
V  [jvm.dll+0x67a50a]
V  [jvm.dll+0x30cbab]
V  [jvm.dll+0x314056]
V  [jvm.dll+0x363dce]
V  [jvm.dll+0x363fff]
V  [jvm.dll+0x2e2978]
V  [jvm.dll+0x2e5a66]
V  [jvm.dll+0x2f027a]
V  [jvm.dll+0x325240]
V  [jvm.dll+0x848e1b]
V  [jvm.dll+0x849b61]
V  [jvm.dll+0x84a07d]
V  [jvm.dll+0x84a454]
V  [jvm.dll+0x84a520]
V  [jvm.dll+0x7f0d1a]
V  [jvm.dll+0x687d05]
C  [ucrtbase.dll+0x29333]
C  [KERNEL32.DLL+0x1257d]
C  [ntdll.dll+0x5aa48]

VM_Operation (0x00000026d24ff380): G1PauseRemark, mode: safepoint, requested by thread 0x000001f263474b30


---------------  P R O C E S S  ---------------

Threads class SMR info:
_java_thread_list=0x000001f27d8a5900, length=14, elements={
0x000001f26341bc10, 0x000001f27c2a3260, 0x000001f27c2a50f0, 0x000001f27c2ae0e0,
0x000001f27c536000, 0x000001f27c538ce0, 0x000001f27c5396a0, 0x000001f27c558020,
0x000001f27c559940, 0x000001f27c55e270, 0x000001f27c6b8540, 0x000001f27c6ca4e0,
0x000001f27d6e5ae0, 0x000001f205b9af40
}

Java Threads: ( => current thread )
  0x000001f26341bc10 JavaThread "main" [_thread_blocked, id=20776, stack(0x00000026d2200000,0x00000026d2300000)]
  0x000001f27c2a3260 JavaThread "Reference Handler" daemon [_thread_blocked, id=13180, stack(0x00000026d2900000,0x00000026d2a00000)]
  0x000001f27c2a50f0 JavaThread "Finalizer" daemon [_thread_blocked, id=14192, stack(0x00000026d2a00000,0x00000026d2b00000)]
  0x000001f27c2ae0e0 JavaThread "Signal Dispatcher" daemon [_thread_blocked, id=17260, stack(0x00000026d2b00000,0x00000026d2c00000)]
  0x000001f27c536000 JavaThread "Attach Listener" daemon [_thread_blocked, id=1932, stack(0x00000026d2c00000,0x00000026d2d00000)]
  0x000001f27c538ce0 JavaThread "Service Thread" daemon [_thread_blocked, id=13916, stack(0x00000026d2d00000,0x00000026d2e00000)]
  0x000001f27c5396a0 JavaThread "Monitor Deflation Thread" daemon [_thread_blocked, id=20720, stack(0x00000026d2e00000,0x00000026d2f00000)]
  0x000001f27c558020 JavaThread "C2 CompilerThread0" daemon [_thread_in_native, id=19548, stack(0x00000026d2f00000,0x00000026d3000000)]
  0x000001f27c559940 JavaThread "C1 CompilerThread0" daemon [_thread_blocked, id=17244, stack(0x00000026d3000000,0x00000026d3100000)]
  0x000001f27c55e270 JavaThread "Sweeper thread" daemon [_thread_blocked, id=4248, stack(0x00000026d3100000,0x00000026d3200000)]
  0x000001f27c6b8540 JavaThread "Notification Thread" daemon [_thread_blocked, id=9272, stack(0x00000026d3200000,0x00000026d3300000)]
  0x000001f27c6ca4e0 JavaThread "Common-Cleaner" daemon [_thread_blocked, id=2228, stack(0x00000026d3400000,0x00000026d3500000)]
  0x000001f27d6e5ae0 JavaThread "C2 CompilerThread1" daemon [_thread_blocked, id=9824, stack(0x00000026d3500000,0x00000026d3600000)]
  0x000001f205b9af40 JavaThread "C2 CompilerThread2" daemon [_thread_blocked, id=11780, stack(0x00000026d4100000,0x00000026d4200000)]

Other Threads:
=>0x000001f27c27ea20 VMThread "VM Thread" [stack: 0x00000026d2800000,0x00000026d2900000] [id=7872]
  0x000001f27c207e50 WatcherThread [stack: 0x00000026d3300000,0x00000026d3400000] [id=11636]
  0x000001f263468020 GCTaskThread "GC Thread#0" [stack: 0x00000026d2300000,0x00000026d2400000] [id=4700]
  0x000001f27cbe16a0 GCTaskThread "GC Thread#1" [stack: 0x00000026d3600000,0x00000026d3700000] [id=4296]
  0x000001f27ccf7bf0 GCTaskThread "GC Thread#2" [stack: 0x00000026d3700000,0x00000026d3800000] [id=16944]
  0x000001f27ccf7eb0 GCTaskThread "GC Thread#3" [stack: 0x00000026d3800000,0x00000026d3900000] [id=13876]
  0x000001f27ccf8170 GCTaskThread "GC Thread#4" [stack: 0x00000026d3900000,0x00000026d3a00000] [id=12864]
  0x000001f27ccf8430 GCTaskThread "GC Thread#5" [stack: 0x00000026d3a00000,0x00000026d3b00000] [id=7684]
  0x000001f27cf684c0 GCTaskThread "GC Thread#6" [stack: 0x00000026d3b00000,0x00000026d3c00000] [id=4132]
  0x000001f27d042980 GCTaskThread "GC Thread#7" [stack: 0x00000026d3c00000,0x00000026d3d00000] [id=8308]
  0x000001f27d180cf0 GCTaskThread "GC Thread#8" [stack: 0x00000026d4000000,0x00000026d4100000] [id=316]
  0x000001f27d181d70 GCTaskThread "GC Thread#9" [stack: 0x00000026d3f00000,0x00000026d4000000] [id=6440]
  0x000001f263474b30 ConcurrentGCThread "G1 Main Marker" [stack: 0x00000026d2400000,0x00000026d2500000] [id=2756]
  0x000001f263475550 ConcurrentGCThread "G1 Conc#0" [stack: 0x00000026d2500000,0x00000026d2600000] [id=13364]
  0x000001f27d128030 ConcurrentGCThread "G1 Conc#1" [stack: 0x00000026d3d00000,0x00000026d3e00000] [id=21636]
  0x000001f27d1282f0 ConcurrentGCThread "G1 Conc#2" [stack: 0x00000026d3e00000,0x00000026d3f00000] [id=8612]
  0x000001f27c0d20b0 ConcurrentGCThread "G1 Refine#0" [stack: 0x00000026d2600000,0x00000026d2700000] [id=22144]
  0x000001f27c0d3d00 ConcurrentGCThread "G1 Service" [stack: 0x00000026d2700000,0x00000026d2800000] [id=8132]

Threads with active compile tasks:
C2 CompilerThread0    38762 14995       4       org.jetbrains.kotlin.ir.util.TypeTranslator::translateType (628 bytes)
C2 CompilerThread1    38762 15446       4       org.jetbrains.kotlin.psi2ir.generators.FunctionGenerator::declareParameter (228 bytes)
C2 CompilerThread2    38762 15456       4       org.jetbrains.kotlin.ir.util.TypeTranslator::translateTypeAnnotations (230 bytes)

VM state: at safepoint (normal execution)

VM Mutex/Monitor currently owned by a thread:  ([mutex/lock_event])
[0x000001f263417dc0] Threads_lock - owner thread: 0x000001f27c27ea20
[0x000001f263418240] Heap_lock - owner thread: 0x000001f263474b30

Heap address: 0x00000000a2200000, size: 1502 MB, Compressed Oops mode: 32-bit

CDS archive(s) not mapped
Compressed class space mapped at: 0x0000000100000000-0x0000000140000000, reserved size: 1073741824
Narrow klass base: 0x0000000000000000, Narrow klass shift: 3, Narrow klass range: 0x140000000

GC Precious Log:
 CPUs: 12 total, 12 available
 Memory: 6005M
 Large Page Support: Disabled
 NUMA Support: Disabled
 Compressed Oops: Enabled (32-bit)
 Heap Region Size: 1M
 Heap Min Capacity: 8M
 Heap Initial Capacity: 94M
 Heap Max Capacity: 1502M
 Pre-touch: Disabled
 Parallel Workers: 10
 Concurrent Workers: 3
 Concurrent Refinement Workers: 10
 Periodic GC: Disabled

Heap:
 garbage-first heap   total 157696K, used 102880K [0x00000000a2200000, 0x0000000100000000)
  region size 1024K, 8 young (8192K), 5 survivors (5120K)
 Metaspace       used 72742K, committed 73088K, reserved 1114112K
  class space    used 8013K, committed 8192K, reserved 1048576K

Heap Regions: E=young(eden), S=young(survivor), O=old, HS=humongous(starts), HC=humongous(continues), CS=collection set, F=free, OA=open archive, CA=closed archive, TAMS=top-at-mark-start (previous, next)
|   0|0x00000000a2200000, 0x00000000a2300000, 0x00000000a2300000|100%|HS|  |TAMS 0x00000000a2300000, 0x00000000a2200000| Complete 
|   1|0x00000000a2300000, 0x00000000a2400000, 0x00000000a2400000|100%|HC|  |TAMS 0x00000000a2400000, 0x00000000a2300000| Complete 
|   2|0x00000000a2400000, 0x00000000a2500000, 0x00000000a2500000|100%|HC|  |TAMS 0x00000000a2500000, 0x00000000a2400000| Complete 
|   3|0x00000000a2500000, 0x00000000a2600000, 0x00000000a2600000|100%|HC|  |TAMS 0x00000000a2600000, 0x00000000a2500000| Complete 
|   4|0x00000000a2600000, 0x00000000a2700000, 0x00000000a2700000|100%| O|  |TAMS 0x00000000a2700000, 0x00000000a2600000| Untracked 
|   5|0x00000000a2700000, 0x00000000a2800000, 0x00000000a2800000|100%| O|  |TAMS 0x00000000a2800000, 0x00000000a2700000| Untracked 
|   6|0x00000000a2800000, 0x00000000a2900000, 0x00000000a2900000|100%| O|  |TAMS 0x00000000a2900000, 0x00000000a2800000| Untracked 
|   7|0x00000000a2900000, 0x00000000a2a00000, 0x00000000a2a00000|100%| O|  |TAMS 0x00000000a2a00000, 0x00000000a2900000| Untracked 
|   8|0x00000000a2a00000, 0x00000000a2b00000, 0x00000000a2b00000|100%| O|  |TAMS 0x00000000a2b00000, 0x00000000a2a00000| Untracked 
|   9|0x00000000a2b00000, 0x00000000a2c00000, 0x00000000a2c00000|100%| O|  |TAMS 0x00000000a2c00000, 0x00000000a2b00000| Untracked 
|  10|0x00000000a2c00000, 0x00000000a2d00000, 0x00000000a2d00000|100%| O|  |TAMS 0x00000000a2d00000, 0x00000000a2c00000| Untracked 
|  11|0x00000000a2d00000, 0x00000000a2e00000, 0x00000000a2e00000|100%| O|  |TAMS 0x00000000a2e00000, 0x00000000a2d00000| Updating 
|  12|0x00000000a2e00000, 0x00000000a2f00000, 0x00000000a2f00000|100%| O|  |TAMS 0x00000000a2f00000, 0x00000000a2e00000| Untracked 
|  13|0x00000000a2f00000, 0x00000000a3000000, 0x00000000a3000000|100%| O|  |TAMS 0x00000000a3000000, 0x00000000a2f00000| Untracked 
|  14|0x00000000a3000000, 0x00000000a3100000, 0x00000000a3100000|100%| O|  |TAMS 0x00000000a3100000, 0x00000000a3000000| Untracked 
|  15|0x00000000a3100000, 0x00000000a3200000, 0x00000000a3200000|100%| O|  |TAMS 0x00000000a3200000, 0x00000000a3100000| Untracked 
|  16|0x00000000a3200000, 0x00000000a3300000, 0x00000000a3300000|100%| O|  |TAMS 0x00000000a3300000, 0x00000000a3200000| Untracked 
|  17|0x00000000a3300000, 0x00000000a3400000, 0x00000000a3400000|100%|HS|  |TAMS 0x00000000a3400000, 0x00000000a3300000| Complete 
|  18|0x00000000a3400000, 0x00000000a3500000, 0x00000000a3500000|100%|HC|  |TAMS 0x00000000a3500000, 0x00000000a3400000| Complete 
|  19|0x00000000a3500000, 0x00000000a3600000, 0x00000000a3600000|100%| O|  |TAMS 0x00000000a3600000, 0x00000000a3500000| Updating 
|  20|0x00000000a3600000, 0x00000000a3700000, 0x00000000a3700000|100%| O|  |TAMS 0x00000000a3700000, 0x00000000a3600000| Untracked 
|  21|0x00000000a3700000, 0x00000000a3800000, 0x00000000a3800000|100%| O|  |TAMS 0x00000000a3800000, 0x00000000a3700000| Untracked 
|  22|0x00000000a3800000, 0x00000000a3900000, 0x00000000a3900000|100%| O|  |TAMS 0x00000000a3900000, 0x00000000a3800000| Untracked 
|  23|0x00000000a3900000, 0x00000000a3a00000, 0x00000000a3a00000|100%| O|  |TAMS 0x00000000a3a00000, 0x00000000a3900000| Updating 
|  24|0x00000000a3a00000, 0x00000000a3b00000, 0x00000000a3b00000|100%| O|  |TAMS 0x00000000a3b00000, 0x00000000a3a00000| Untracked 
|  25|0x00000000a3b00000, 0x00000000a3c00000, 0x00000000a3c00000|100%| O|  |TAMS 0x00000000a3c00000, 0x00000000a3b00000| Untracked 
|  26|0x00000000a3c00000, 0x00000000a3d00000, 0x00000000a3d00000|100%| O|  |TAMS 0x00000000a3d00000, 0x00000000a3c00000| Untracked 
|  27|0x00000000a3d00000, 0x00000000a3e00000, 0x00000000a3e00000|100%| O|  |TAMS 0x00000000a3e00000, 0x00000000a3d00000| Updating 
|  28|0x00000000a3e00000, 0x00000000a3f00000, 0x00000000a3f00000|100%| O|  |TAMS 0x00000000a3f00000, 0x00000000a3e00000| Untracked 
|  29|0x00000000a3f00000, 0x00000000a4000000, 0x00000000a4000000|100%| O|  |TAMS 0x00000000a4000000, 0x00000000a3f00000| Untracked 
|  30|0x00000000a4000000, 0x00000000a4100000, 0x00000000a4100000|100%| O|  |TAMS 0x00000000a4100000, 0x00000000a4000000| Untracked 
|  31|0x00000000a4100000, 0x00000000a4200000, 0x00000000a4200000|100%| O|  |TAMS 0x00000000a4200000, 0x00000000a4100000| Untracked 
|  32|0x00000000a4200000, 0x00000000a4300000, 0x00000000a4300000|100%| O|  |TAMS 0x00000000a4300000, 0x00000000a4200000| Untracked 
|  33|0x00000000a4300000, 0x00000000a4400000, 0x00000000a4400000|100%| O|  |TAMS 0x00000000a4400000, 0x00000000a4300000| Updating 
|  34|0x00000000a4400000, 0x00000000a4500000, 0x00000000a4500000|100%| O|  |TAMS 0x00000000a4500000, 0x00000000a4400000| Untracked 
|  35|0x00000000a4500000, 0x00000000a4600000, 0x00000000a4600000|100%| O|  |TAMS 0x00000000a4600000, 0x00000000a4500000| Updating 
|  36|0x00000000a4600000, 0x00000000a4700000, 0x00000000a4700000|100%| O|  |TAMS 0x00000000a4700000, 0x00000000a4600000| Untracked 
|  37|0x00000000a4700000, 0x00000000a4800000, 0x00000000a4800000|100%| O|  |TAMS 0x00000000a4800000, 0x00000000a4700000| Untracked 
|  38|0x00000000a4800000, 0x00000000a4900000, 0x00000000a4900000|100%| O|  |TAMS 0x00000000a4900000, 0x00000000a4800000| Untracked 
|  39|0x00000000a4900000, 0x00000000a4a00000, 0x00000000a4a00000|100%| O|  |TAMS 0x00000000a4a00000, 0x00000000a4900000| Untracked 
|  40|0x00000000a4a00000, 0x00000000a4b00000, 0x00000000a4b00000|100%| O|  |TAMS 0x00000000a4b00000, 0x00000000a4a00000| Updating 
|  41|0x00000000a4b00000, 0x00000000a4c00000, 0x00000000a4c00000|100%| O|  |TAMS 0x00000000a4c00000, 0x00000000a4b00000| Updating 
|  42|0x00000000a4c00000, 0x00000000a4d00000, 0x00000000a4d00000|100%| O|  |TAMS 0x00000000a4d00000, 0x00000000a4c00000| Untracked 
|  43|0x00000000a4d00000, 0x00000000a4e00000, 0x00000000a4e00000|100%| O|  |TAMS 0x00000000a4e00000, 0x00000000a4d00000| Untracked 
|  44|0x00000000a4e00000, 0x00000000a4f00000, 0x00000000a4f00000|100%| O|  |TAMS 0x00000000a4f00000, 0x00000000a4e00000| Untracked 
|  45|0x00000000a4f00000, 0x00000000a5000000, 0x00000000a5000000|100%| O|  |TAMS 0x00000000a5000000, 0x00000000a4f00000| Updating 
|  46|0x00000000a5000000, 0x00000000a5100000, 0x00000000a5100000|100%| O|  |TAMS 0x00000000a5100000, 0x00000000a5000000| Untracked 
|  47|0x00000000a5100000, 0x00000000a5200000, 0x00000000a5200000|100%| O|  |TAMS 0x00000000a5200000, 0x00000000a5100000| Untracked 
|  48|0x00000000a5200000, 0x00000000a5300000, 0x00000000a5300000|100%| O|  |TAMS 0x00000000a5300000, 0x00000000a5200000| Untracked 
|  49|0x00000000a5300000, 0x00000000a5400000, 0x00000000a5400000|100%| O|  |TAMS 0x00000000a5400000, 0x00000000a5300000| Untracked 
|  50|0x00000000a5400000, 0x00000000a5500000, 0x00000000a5500000|100%| O|  |TAMS 0x00000000a5400000, 0x00000000a5400000| Untracked 
|  51|0x00000000a5500000, 0x00000000a5600000, 0x00000000a5600000|100%| O|  |TAMS 0x00000000a5600000, 0x00000000a5500000| Untracked 
|  52|0x00000000a5600000, 0x00000000a5700000, 0x00000000a5700000|100%| O|  |TAMS 0x00000000a5700000, 0x00000000a5600000| Untracked 
|  53|0x00000000a5700000, 0x00000000a5800000, 0x00000000a5800000|100%| O|  |TAMS 0x00000000a5800000, 0x00000000a5700000| Untracked 
|  54|0x00000000a5800000, 0x00000000a5900000, 0x00000000a5900000|100%| O|  |TAMS 0x00000000a5900000, 0x00000000a5800000| Untracked 
|  55|0x00000000a5900000, 0x00000000a5a00000, 0x00000000a5a00000|100%| O|  |TAMS 0x00000000a5a00000, 0x00000000a5900000| Untracked 
|  56|0x00000000a5a00000, 0x00000000a5b00000, 0x00000000a5b00000|100%| O|  |TAMS 0x00000000a5b00000, 0x00000000a5a00000| Untracked 
|  57|0x00000000a5b00000, 0x00000000a5c00000, 0x00000000a5c00000|100%| O|  |TAMS 0x00000000a5c00000, 0x00000000a5b00000| Updating 
|  58|0x00000000a5c00000, 0x00000000a5d00000, 0x00000000a5d00000|100%| O|  |TAMS 0x00000000a5d00000, 0x00000000a5c00000| Updating 
|  59|0x00000000a5d00000, 0x00000000a5e00000, 0x00000000a5e00000|100%| O|  |TAMS 0x00000000a5e00000, 0x00000000a5d00000| Untracked 
|  60|0x00000000a5e00000, 0x00000000a5f00000, 0x00000000a5f00000|100%| O|  |TAMS 0x00000000a5f00000, 0x00000000a5e00000| Untracked 
|  61|0x00000000a5f00000, 0x00000000a6000000, 0x00000000a6000000|100%| O|  |TAMS 0x00000000a6000000, 0x00000000a5f00000| Untracked 
|  62|0x00000000a6000000, 0x00000000a6100000, 0x00000000a6100000|100%| O|  |TAMS 0x00000000a6100000, 0x00000000a6000000| Untracked 
|  63|0x00000000a6100000, 0x00000000a6200000, 0x00000000a6200000|100%| O|  |TAMS 0x00000000a6200000, 0x00000000a6100000| Untracked 
|  64|0x00000000a6200000, 0x00000000a6300000, 0x00000000a6300000|100%|HS|  |TAMS 0x00000000a6300000, 0x00000000a6200000| Complete 
|  65|0x00000000a6300000, 0x00000000a6400000, 0x00000000a6400000|100%|HC|  |TAMS 0x00000000a6400000, 0x00000000a6300000| Complete 
|  66|0x00000000a6400000, 0x00000000a6500000, 0x00000000a6500000|100%| O|  |TAMS 0x00000000a6500000, 0x00000000a6400000| Untracked 
|  67|0x00000000a6500000, 0x00000000a6600000, 0x00000000a6600000|100%| O|  |TAMS 0x00000000a6600000, 0x00000000a6500000| Untracked 
|  68|0x00000000a6600000, 0x00000000a6700000, 0x00000000a6700000|100%| O|  |TAMS 0x00000000a6700000, 0x00000000a6600000| Untracked 
|  69|0x00000000a6700000, 0x00000000a6800000, 0x00000000a6800000|100%| O|  |TAMS 0x00000000a6800000, 0x00000000a6700000| Untracked 
|  70|0x00000000a6800000, 0x00000000a6900000, 0x00000000a6900000|100%| O|  |TAMS 0x00000000a6900000, 0x00000000a6800000| Untracked 
|  71|0x00000000a6900000, 0x00000000a6a00000, 0x00000000a6a00000|100%| O|  |TAMS 0x00000000a6a00000, 0x00000000a6900000| Untracked 
|  72|0x00000000a6a00000, 0x00000000a6b00000, 0x00000000a6b00000|100%| O|  |TAMS 0x00000000a6b00000, 0x00000000a6a00000| Untracked 
|  73|0x00000000a6b00000, 0x00000000a6c00000, 0x00000000a6c00000|100%| O|  |TAMS 0x00000000a6c00000, 0x00000000a6b00000| Untracked 
|  74|0x00000000a6c00000, 0x00000000a6d00000, 0x00000000a6d00000|100%| O|  |TAMS 0x00000000a6d00000, 0x00000000a6c00000| Updating 
|  75|0x00000000a6d00000, 0x00000000a6e00000, 0x00000000a6e00000|100%| O|  |TAMS 0x00000000a6e00000, 0x00000000a6d00000| Untracked 
|  76|0x00000000a6e00000, 0x00000000a6f00000, 0x00000000a6f00000|100%| O|  |TAMS 0x00000000a6f00000, 0x00000000a6e00000| Untracked 
|  77|0x00000000a6f00000, 0x00000000a7000000, 0x00000000a7000000|100%| O|  |TAMS 0x00000000a7000000, 0x00000000a6f00000| Untracked 
|  78|0x00000000a7000000, 0x00000000a7100000, 0x00000000a7100000|100%| O|  |TAMS 0x00000000a7100000, 0x00000000a7000000| Untracked 
|  79|0x00000000a7100000, 0x00000000a7200000, 0x00000000a7200000|100%| O|  |TAMS 0x00000000a7200000, 0x00000000a7100000| Untracked 
|  80|0x00000000a7200000, 0x00000000a7300000, 0x00000000a7300000|100%| O|  |TAMS 0x00000000a7300000, 0x00000000a7200000| Updating 
|  81|0x00000000a7300000, 0x00000000a7400000, 0x00000000a7400000|100%| O|  |TAMS 0x00000000a7400000, 0x00000000a7300000| Untracked 
|  82|0x00000000a7400000, 0x00000000a7500000, 0x00000000a7500000|100%| O|  |TAMS 0x00000000a7500000, 0x00000000a7400000| Updating 
|  83|0x00000000a7500000, 0x00000000a7600000, 0x00000000a7600000|100%| O|  |TAMS 0x00000000a7600000, 0x00000000a7500000| Untracked 
|  84|0x00000000a7600000, 0x00000000a7700000, 0x00000000a7700000|100%| O|  |TAMS 0x00000000a7700000, 0x00000000a7600000| Untracked 
|  85|0x00000000a7700000, 0x00000000a7800000, 0x00000000a7800000|100%| O|  |TAMS 0x00000000a7800000, 0x00000000a7700000| Untracked 
|  86|0x00000000a7800000, 0x00000000a7900000, 0x00000000a7900000|100%| O|  |TAMS 0x00000000a7900000, 0x00000000a7800000| Updating 
|  87|0x00000000a7900000, 0x00000000a7a00000, 0x00000000a7a00000|100%| O|  |TAMS 0x00000000a7a00000, 0x00000000a7900000| Updating 
|  88|0x00000000a7a00000, 0x00000000a7b00000, 0x00000000a7b00000|100%| O|  |TAMS 0x00000000a7b00000, 0x00000000a7a00000| Untracked 
|  89|0x00000000a7b00000, 0x00000000a7c00000, 0x00000000a7c00000|100%| O|  |TAMS 0x00000000a7c00000, 0x00000000a7b00000| Untracked 
|  90|0x00000000a7c00000, 0x00000000a7d00000, 0x00000000a7d00000|100%| O|  |TAMS 0x00000000a7d00000, 0x00000000a7c00000| Untracked 
|  91|0x00000000a7d00000, 0x00000000a7e00000, 0x00000000a7e00000|100%| O|  |TAMS 0x00000000a7dee000, 0x00000000a7d00000| Untracked 
|  92|0x00000000a7e00000, 0x00000000a7f00000, 0x00000000a7f00000|100%| O|  |TAMS 0x00000000a7e00000, 0x00000000a7e00000| Untracked 
|  93|0x00000000a7f00000, 0x00000000a7f78200, 0x00000000a8000000| 46%| O|  |TAMS 0x00000000a7f00000, 0x00000000a7f00000| Updating 
|  94|0x00000000a8000000, 0x00000000a8000000, 0x00000000a8100000|  0%| F|  |TAMS 0x00000000a8000000, 0x00000000a8000000| Untracked 
|  95|0x00000000a8100000, 0x00000000a8100000, 0x00000000a8200000|  0%| F|  |TAMS 0x00000000a8100000, 0x00000000a8100000| Untracked 
|  96|0x00000000a8200000, 0x00000000a8200000, 0x00000000a8300000|  0%| F|  |TAMS 0x00000000a8200000, 0x00000000a8200000| Untracked 
|  97|0x00000000a8300000, 0x00000000a8300000, 0x00000000a8400000|  0%| F|  |TAMS 0x00000000a8300000, 0x00000000a8300000| Untracked 
|  98|0x00000000a8400000, 0x00000000a8400000, 0x00000000a8500000|  0%| F|  |TAMS 0x00000000a8400000, 0x00000000a8400000| Untracked 
|  99|0x00000000a8500000, 0x00000000a8500000, 0x00000000a8600000|  0%| F|  |TAMS 0x00000000a8500000, 0x00000000a8500000| Untracked 
| 100|0x00000000a8600000, 0x00000000a8600000, 0x00000000a8700000|  0%| F|  |TAMS 0x00000000a8600000, 0x00000000a8600000| Untracked 
| 101|0x00000000a8700000, 0x00000000a8700000, 0x00000000a8800000|  0%| F|  |TAMS 0x00000000a8700000, 0x00000000a8700000| Untracked 
| 102|0x00000000a8800000, 0x00000000a8800000, 0x00000000a8900000|  0%| F|  |TAMS 0x00000000a8800000, 0x00000000a8800000| Untracked 
| 103|0x00000000a8900000, 0x00000000a8900000, 0x00000000a8a00000|  0%| F|  |TAMS 0x00000000a8900000, 0x00000000a8900000| Untracked 
| 104|0x00000000a8a00000, 0x00000000a8a00000, 0x00000000a8b00000|  0%| F|  |TAMS 0x00000000a8a00000, 0x00000000a8a00000| Untracked 
| 105|0x00000000a8b00000, 0x00000000a8b00000, 0x00000000a8c00000|  0%| F|  |TAMS 0x00000000a8b00000, 0x00000000a8b00000| Untracked 
| 106|0x00000000a8c00000, 0x00000000a8c00000, 0x00000000a8d00000|  0%| F|  |TAMS 0x00000000a8c00000, 0x00000000a8c00000| Untracked 
| 107|0x00000000a8d00000, 0x00000000a8d00000, 0x00000000a8e00000|  0%| F|  |TAMS 0x00000000a8d00000, 0x00000000a8d00000| Untracked 
| 108|0x00000000a8e00000, 0x00000000a8e00000, 0x00000000a8f00000|  0%| F|  |TAMS 0x00000000a8e00000, 0x00000000a8e00000| Untracked 
| 109|0x00000000a8f00000, 0x00000000a8f00000, 0x00000000a9000000|  0%| F|  |TAMS 0x00000000a8f00000, 0x00000000a8f00000| Untracked 
| 110|0x00000000a9000000, 0x00000000a9000000, 0x00000000a9100000|  0%| F|  |TAMS 0x00000000a9000000, 0x00000000a9000000| Untracked 
| 111|0x00000000a9100000, 0x00000000a9200000, 0x00000000a9200000|100%| S|CS|TAMS 0x00000000a9100000, 0x00000000a9100000| Complete 
| 112|0x00000000a9200000, 0x00000000a9300000, 0x00000000a9300000|100%| S|CS|TAMS 0x00000000a9200000, 0x00000000a9200000| Complete 
| 113|0x00000000a9300000, 0x00000000a9400000, 0x00000000a9400000|100%| S|CS|TAMS 0x00000000a9300000, 0x00000000a9300000| Complete 
| 114|0x00000000a9400000, 0x00000000a9500000, 0x00000000a9500000|100%| S|CS|TAMS 0x00000000a9400000, 0x00000000a9400000| Complete 
| 115|0x00000000a9500000, 0x00000000a9600000, 0x00000000a9600000|100%| S|CS|TAMS 0x00000000a9500000, 0x00000000a9500000| Complete 
| 116|0x00000000a9600000, 0x00000000a9600000, 0x00000000a9700000|  0%| F|  |TAMS 0x00000000a9600000, 0x00000000a9600000| Untracked 
| 117|0x00000000a9700000, 0x00000000a9700000, 0x00000000a9800000|  0%| F|  |TAMS 0x00000000a9700000, 0x00000000a9700000| Untracked 
| 118|0x00000000a9800000, 0x00000000a9800000, 0x00000000a9900000|  0%| F|  |TAMS 0x00000000a9800000, 0x00000000a9800000| Untracked 
| 119|0x00000000a9900000, 0x00000000a9900000, 0x00000000a9a00000|  0%| F|  |TAMS 0x00000000a9900000, 0x00000000a9900000| Untracked 
| 120|0x00000000a9a00000, 0x00000000a9a00000, 0x00000000a9b00000|  0%| F|  |TAMS 0x00000000a9a00000, 0x00000000a9a00000| Untracked 
| 121|0x00000000a9b00000, 0x00000000a9b00000, 0x00000000a9c00000|  0%| F|  |TAMS 0x00000000a9b00000, 0x00000000a9b00000| Untracked 
| 122|0x00000000a9c00000, 0x00000000a9c00000, 0x00000000a9d00000|  0%| F|  |TAMS 0x00000000a9c00000, 0x00000000a9c00000| Untracked 
| 123|0x00000000a9d00000, 0x00000000a9d00000, 0x00000000a9e00000|  0%| F|  |TAMS 0x00000000a9d00000, 0x00000000a9d00000| Untracked 
| 124|0x00000000a9e00000, 0x00000000a9e00000, 0x00000000a9f00000|  0%| F|  |TAMS 0x00000000a9e00000, 0x00000000a9e00000| Untracked 
| 125|0x00000000a9f00000, 0x00000000a9f00000, 0x00000000aa000000|  0%| F|  |TAMS 0x00000000a9f00000, 0x00000000a9f00000| Untracked 
| 126|0x00000000aa000000, 0x00000000aa000000, 0x00000000aa100000|  0%| F|  |TAMS 0x00000000aa000000, 0x00000000aa000000| Untracked 
| 127|0x00000000aa100000, 0x00000000aa100000, 0x00000000aa200000|  0%| F|  |TAMS 0x00000000aa100000, 0x00000000aa100000| Untracked 
| 128|0x00000000aa200000, 0x00000000aa200000, 0x00000000aa300000|  0%| F|  |TAMS 0x00000000aa200000, 0x00000000aa200000| Untracked 
| 129|0x00000000aa300000, 0x00000000aa300000, 0x00000000aa400000|  0%| F|  |TAMS 0x00000000aa300000, 0x00000000aa300000| Untracked 
| 130|0x00000000aa400000, 0x00000000aa400000, 0x00000000aa500000|  0%| F|  |TAMS 0x00000000aa400000, 0x00000000aa400000| Untracked 
| 131|0x00000000aa500000, 0x00000000aa500000, 0x00000000aa600000|  0%| F|  |TAMS 0x00000000aa500000, 0x00000000aa500000| Untracked 
| 132|0x00000000aa600000, 0x00000000aa600000, 0x00000000aa700000|  0%| F|  |TAMS 0x00000000aa600000, 0x00000000aa600000| Untracked 
| 133|0x00000000aa700000, 0x00000000aa700000, 0x00000000aa800000|  0%| F|  |TAMS 0x00000000aa700000, 0x00000000aa700000| Untracked 
| 134|0x00000000aa800000, 0x00000000aa800000, 0x00000000aa900000|  0%| F|  |TAMS 0x00000000aa800000, 0x00000000aa800000| Untracked 
| 135|0x00000000aa900000, 0x00000000aa900000, 0x00000000aaa00000|  0%| F|  |TAMS 0x00000000aa900000, 0x00000000aa900000| Untracked 
| 136|0x00000000aaa00000, 0x00000000aaa00000, 0x00000000aab00000|  0%| F|  |TAMS 0x00000000aaa00000, 0x00000000aaa00000| Untracked 
| 137|0x00000000aab00000, 0x00000000aab00000, 0x00000000aac00000|  0%| F|  |TAMS 0x00000000aab00000, 0x00000000aab00000| Untracked 
| 138|0x00000000aac00000, 0x00000000aac00000, 0x00000000aad00000|  0%| F|  |TAMS 0x00000000aac00000, 0x00000000aac00000| Untracked 
| 139|0x00000000aad00000, 0x00000000aad00000, 0x00000000aae00000|  0%| F|  |TAMS 0x00000000aad00000, 0x00000000aad00000| Untracked 
| 140|0x00000000aae00000, 0x00000000aae00000, 0x00000000aaf00000|  0%| F|  |TAMS 0x00000000aae00000, 0x00000000aae00000| Untracked 
| 141|0x00000000aaf00000, 0x00000000aaf00000, 0x00000000ab000000|  0%| F|  |TAMS 0x00000000aaf00000, 0x00000000aaf00000| Untracked 
| 142|0x00000000ab000000, 0x00000000ab000000, 0x00000000ab100000|  0%| F|  |TAMS 0x00000000ab000000, 0x00000000ab000000| Untracked 
| 143|0x00000000ab100000, 0x00000000ab100000, 0x00000000ab200000|  0%| F|  |TAMS 0x00000000ab100000, 0x00000000ab100000| Untracked 
| 144|0x00000000ab200000, 0x00000000ab200000, 0x00000000ab300000|  0%| F|  |TAMS 0x00000000ab200000, 0x00000000ab200000| Untracked 
| 145|0x00000000ab300000, 0x00000000ab300000, 0x00000000ab400000|  0%| F|  |TAMS 0x00000000ab300000, 0x00000000ab300000| Untracked 
| 146|0x00000000ab400000, 0x00000000ab400000, 0x00000000ab500000|  0%| F|  |TAMS 0x00000000ab400000, 0x00000000ab400000| Untracked 
| 147|0x00000000ab500000, 0x00000000ab500000, 0x00000000ab600000|  0%| F|  |TAMS 0x00000000ab500000, 0x00000000ab500000| Untracked 
| 148|0x00000000ab600000, 0x00000000ab600000, 0x00000000ab700000|  0%| F|  |TAMS 0x00000000ab600000, 0x00000000ab600000| Untracked 
| 149|0x00000000ab700000, 0x00000000ab700000, 0x00000000ab800000|  0%| F|  |TAMS 0x00000000ab700000, 0x00000000ab700000| Untracked 
| 150|0x00000000ab800000, 0x00000000ab800000, 0x00000000ab900000|  0%| F|  |TAMS 0x00000000ab800000, 0x00000000ab800000| Untracked 
| 151|0x00000000ab900000, 0x00000000ab980800, 0x00000000aba00000| 50%| E|  |TAMS 0x00000000ab900000, 0x00000000ab900000| Complete 
| 152|0x00000000aba00000, 0x00000000abb00000, 0x00000000abb00000|100%| E|CS|TAMS 0x00000000aba00000, 0x00000000aba00000| Complete 
|1501|0x00000000fff00000, 0x0000000100000000, 0x0000000100000000|100%| E|CS|TAMS 0x00000000fff00000, 0x00000000fff00000| Complete 

Card table byte_map: [0x000001f276130000,0x000001f276420000] _byte_map_base: 0x000001f275c1f000

Marking Bits (Prev, Next): (CMBitMap*) 0x000001f263468680, (CMBitMap*) 0x000001f263468640
 Prev Bits: [0x000001f277e90000, 0x000001f279608000)
 Next Bits: [0x000001f276710000, 0x000001f277e88000)

Polling page: 0x000001f261390000

Metaspace:

Usage:
  Non-class:     63.21 MB used.
      Class:      7.83 MB used.
       Both:     71.04 MB used.

Virtual space:
  Non-class space:       64.00 MB reserved,      63.38 MB (>99%) committed,  1 nodes.
      Class space:        1.00 GB reserved,       8.00 MB ( <1%) committed,  1 nodes.
             Both:        1.06 GB reserved,      71.38 MB (  7%) committed. 

Chunk freelists:
   Non-Class:  592.00 KB
       Class:  8.04 MB
        Both:  8.62 MB

MaxMetaspaceSize: unlimited
CompressedClassSpaceSize: 1.00 GB
Initial GC threshold: 21.00 MB
Current GC threshold: 115.31 MB
CDS: off
MetaspaceReclaimPolicy: balanced
 - commit_granule_bytes: 65536.
 - commit_granule_words: 8192.
 - virtual_space_node_default_size: 8388608.
 - enlarge_chunks_in_place: 1.
 - new_chunks_are_fully_committed: 0.
 - uncommit_free_chunks: 1.
 - use_allocation_guard: 0.
 - handle_deallocations: 1.


Internal statistics:

num_allocs_failed_limit: 12.
num_arena_births: 358.
num_arena_deaths: 0.
num_vsnodes_births: 2.
num_vsnodes_deaths: 0.
num_space_committed: 1140.
num_space_uncommitted: 0.
num_chunks_returned_to_freelist: 12.
num_chunks_taken_from_freelist: 2783.
num_chunk_merges: 12.
num_chunk_splits: 2180.
num_chunks_enlarged: 1887.
num_inconsistent_stats: 0.

CodeHeap 'non-profiled nmethods': size=120000Kb used=8987Kb max_used=8987Kb free=111012Kb
 bounds [0x000001f26e3c0000, 0x000001f26ec90000, 0x000001f2758f0000]
CodeHeap 'profiled nmethods': size=120000Kb used=35769Kb max_used=36129Kb free=84230Kb
 bounds [0x000001f2668f0000, 0x000001f268c50000, 0x000001f26de20000]
CodeHeap 'non-nmethods': size=5760Kb used=1391Kb max_used=1457Kb free=4368Kb
 bounds [0x000001f26de20000, 0x000001f26e090000, 0x000001f26e3c0000]
 total_blobs=12983 nmethods=12270 adapters=621
 compilation: enabled
              stopped_count=0, restarted_count=0
 full_count=0

Compilation events (20 events):
Event: 38.699 Thread 0x000001f27c559940 15491       2       org.jetbrains.kotlin.ir.declarations.DescriptorMetadataSource$Property::<init> (17 bytes)
Event: 38.699 Thread 0x000001f27c559940 nmethod 15491 0x000001f2675ef110 code [0x000001f2675ef2e0, 0x000001f2675ef5d8]
Event: 38.700 Thread 0x000001f27c559940 15492       1       org.jetbrains.kotlin.psi2ir.intermediate.PropertyLValueBase::getCallReceiver (5 bytes)
Event: 38.700 Thread 0x000001f27c559940 nmethod 15492 0x000001f26e839d90 code [0x000001f26e839f20, 0x000001f26e839ff8]
Event: 38.700 Thread 0x000001f27c559940 15493       1       org.jetbrains.kotlin.psi2ir.intermediate.PropertyLValueBase::getStartOffset (5 bytes)
Event: 38.700 Thread 0x000001f27c559940 nmethod 15493 0x000001f26ea55b10 code [0x000001f26ea55ca0, 0x000001f26ea55d78]
Event: 38.700 Thread 0x000001f27c559940 15494       1       org.jetbrains.kotlin.psi2ir.intermediate.PropertyLValueBase::getEndOffset (5 bytes)
Event: 38.700 Thread 0x000001f27c559940 nmethod 15494 0x000001f26ea55810 code [0x000001f26ea559a0, 0x000001f26ea55a78]
Event: 38.700 Thread 0x000001f27c559940 15495       1       org.jetbrains.kotlin.psi2ir.intermediate.PropertyLValueBase::getOrigin (5 bytes)
Event: 38.700 Thread 0x000001f27c559940 nmethod 15495 0x000001f26ea55510 code [0x000001f26ea556a0, 0x000001f26ea55778]
Event: 38.700 Thread 0x000001f27c559940 15496       1       org.jetbrains.kotlin.psi2ir.intermediate.PropertyLValueBase::getSuperQualifier (5 bytes)
Event: 38.700 Thread 0x000001f27c559940 nmethod 15496 0x000001f26ea55210 code [0x000001f26ea553a0, 0x000001f26ea55478]
Event: 38.700 Thread 0x000001f27c559940 15497       1       org.jetbrains.kotlin.descriptors.impl.LocalVariableDescriptor::isLateInit (5 bytes)
Event: 38.700 Thread 0x000001f27c559940 nmethod 15497 0x000001f26ea54f10 code [0x000001f26ea550a0, 0x000001f26ea55178]
Event: 38.701 Thread 0x000001f27c559940 15498       1       org.jetbrains.kotlin.ir.expressions.impl.IrGetValueImpl::getStartOffset (5 bytes)
Event: 38.701 Thread 0x000001f27c559940 nmethod 15498 0x000001f26ea54c10 code [0x000001f26ea54da0, 0x000001f26ea54e78]
Event: 38.710 Thread 0x000001f27c559940 15499       2       org.jetbrains.kotlin.psi2ir.generators.OperatorExpressionGenerator::generateBinaryExpression (302 bytes)
Event: 38.713 Thread 0x000001f27c559940 nmethod 15499 0x000001f267d5e810 code [0x000001f267d5ece0, 0x000001f267d5ffb8]
Event: 38.717 Thread 0x000001f27c559940 15500       2       org.jetbrains.kotlin.backend.jvm.serialization.DisabledIdSignatureDescriptor::composeFieldSignature (8 bytes)
Event: 38.718 Thread 0x000001f27c559940 nmethod 15500 0x000001f2675eeb10 code [0x000001f2675eece0, 0x000001f2675eef78]

GC Heap History (20 events):
Event: 30.821 GC heap before
{Heap before GC invocations=25 (full 0):
 garbage-first heap   total 137216K, used 109674K [0x00000000a2200000, 0x0000000100000000)
  region size 1024K, 37 young (37888K), 5 survivors (5120K)
 Metaspace       used 64488K, committed 64704K, reserved 1114112K
  class space    used 7322K, committed 7424K, reserved 1048576K
}
Event: 30.835 GC heap after
{Heap after GC invocations=26 (full 0):
 garbage-first heap   total 137216K, used 79672K [0x00000000a2200000, 0x0000000100000000)
  region size 1024K, 3 young (3072K), 3 survivors (3072K)
 Metaspace       used 64488K, committed 64704K, reserved 1114112K
  class space    used 7322K, committed 7424K, reserved 1048576K
}
Event: 32.780 GC heap before
{Heap before GC invocations=26 (full 0):
 garbage-first heap   total 137216K, used 112440K [0x00000000a2200000, 0x0000000100000000)
  region size 1024K, 35 young (35840K), 3 survivors (3072K)
 Metaspace       used 64852K, committed 65088K, reserved 1114112K
  class space    used 7329K, committed 7424K, reserved 1048576K
}
Event: 32.791 GC heap after
{Heap after GC invocations=27 (full 0):
 garbage-first heap   total 137216K, used 82200K [0x00000000a2200000, 0x0000000100000000)
  region size 1024K, 5 young (5120K), 5 survivors (5120K)
 Metaspace       used 64852K, committed 65088K, reserved 1114112K
  class space    used 7329K, committed 7424K, reserved 1048576K
}
Event: 34.016 GC heap before
{Heap before GC invocations=27 (full 0):
 garbage-first heap   total 137216K, used 112920K [0x00000000a2200000, 0x0000000100000000)
  region size 1024K, 35 young (35840K), 5 survivors (5120K)
 Metaspace       used 65043K, committed 65280K, reserved 1114112K
  class space    used 7330K, committed 7424K, reserved 1048576K
}
Event: 34.029 GC heap after
{Heap after GC invocations=28 (full 0):
 garbage-first heap   total 137216K, used 85181K [0x00000000a2200000, 0x0000000100000000)
  region size 1024K, 3 young (3072K), 3 survivors (3072K)
 Metaspace       used 65043K, committed 65280K, reserved 1114112K
  class space    used 7330K, committed 7424K, reserved 1048576K
}
Event: 34.982 GC heap before
{Heap before GC invocations=28 (full 0):
 garbage-first heap   total 137216K, used 113853K [0x00000000a2200000, 0x0000000100000000)
  region size 1024K, 31 young (31744K), 3 survivors (3072K)
 Metaspace       used 65257K, committed 65536K, reserved 1114112K
  class space    used 7333K, committed 7424K, reserved 1048576K
}
Event: 34.989 GC heap after
{Heap after GC invocations=29 (full 0):
 garbage-first heap   total 137216K, used 87031K [0x00000000a2200000, 0x0000000100000000)
  region size 1024K, 3 young (3072K), 3 survivors (3072K)
 Metaspace       used 65257K, committed 65536K, reserved 1114112K
  class space    used 7333K, committed 7424K, reserved 1048576K
}
Event: 35.869 GC heap before
{Heap before GC invocations=29 (full 0):
 garbage-first heap   total 137216K, used 114679K [0x00000000a2200000, 0x0000000100000000)
  region size 1024K, 30 young (30720K), 3 survivors (3072K)
 Metaspace       used 65825K, committed 66112K, reserved 1114112K
  class space    used 7376K, committed 7488K, reserved 1048576K
}
Event: 35.877 GC heap after
{Heap after GC invocations=30 (full 0):
 garbage-first heap   total 137216K, used 88576K [0x00000000a2200000, 0x0000000100000000)
  region size 1024K, 4 young (4096K), 4 survivors (4096K)
 Metaspace       used 65825K, committed 66112K, reserved 1114112K
  class space    used 7376K, committed 7488K, reserved 1048576K
}
Event: 36.254 GC heap before
{Heap before GC invocations=30 (full 0):
 garbage-first heap   total 137216K, used 115200K [0x00000000a2200000, 0x0000000100000000)
  region size 1024K, 30 young (30720K), 4 survivors (4096K)
 Metaspace       used 66085K, committed 66368K, reserved 1114112K
  class space    used 7380K, committed 7488K, reserved 1048576K
}
Event: 36.260 GC heap after
{Heap after GC invocations=31 (full 0):
 garbage-first heap   total 137216K, used 89234K [0x00000000a2200000, 0x0000000100000000)
  region size 1024K, 3 young (3072K), 3 survivors (3072K)
 Metaspace       used 66085K, committed 66368K, reserved 1114112K
  class space    used 7380K, committed 7488K, reserved 1048576K
}
Event: 36.901 GC heap before
{Heap before GC invocations=31 (full 0):
 garbage-first heap   total 137216K, used 111762K [0x00000000a2200000, 0x0000000100000000)
  region size 1024K, 26 young (26624K), 3 survivors (3072K)
 Metaspace       used 69941K, committed 70208K, reserved 1114112K
  class space    used 7744K, committed 7872K, reserved 1048576K
}
Event: 36.907 GC heap after
{Heap after GC invocations=32 (full 0):
 garbage-first heap   total 137216K, used 90468K [0x00000000a2200000, 0x0000000100000000)
  region size 1024K, 2 young (2048K), 2 survivors (2048K)
 Metaspace       used 69941K, committed 70208K, reserved 1114112K
  class space    used 7744K, committed 7872K, reserved 1048576K
}
Event: 37.658 GC heap before
{Heap before GC invocations=33 (full 0):
 garbage-first heap   total 157696K, used 115044K [0x00000000a2200000, 0x0000000100000000)
  region size 1024K, 26 young (26624K), 2 survivors (2048K)
 Metaspace       used 72257K, committed 72640K, reserved 1114112K
  class space    used 7993K, committed 8192K, reserved 1048576K
}
Event: 37.669 GC heap after
{Heap after GC invocations=34 (full 0):
 garbage-first heap   total 157696K, used 93711K [0x00000000a2200000, 0x0000000100000000)
  region size 1024K, 4 young (4096K), 4 survivors (4096K)
 Metaspace       used 72257K, committed 72640K, reserved 1114112K
  class space    used 7993K, committed 8192K, reserved 1048576K
}
Event: 37.864 GC heap before
{Heap before GC invocations=34 (full 0):
 garbage-first heap   total 157696K, used 96783K [0x00000000a2200000, 0x0000000100000000)
  region size 1024K, 7 young (7168K), 4 survivors (4096K)
 Metaspace       used 72420K, committed 72768K, reserved 1114112K
  class space    used 8005K, committed 8192K, reserved 1048576K
}
Event: 37.874 GC heap after
{Heap after GC invocations=35 (full 0):
 garbage-first heap   total 157696K, used 93820K [0x00000000a2200000, 0x0000000100000000)
  region size 1024K, 1 young (1024K), 1 survivors (1024K)
 Metaspace       used 72420K, committed 72768K, reserved 1114112K
  class space    used 8005K, committed 8192K, reserved 1048576K
}
Event: 38.613 GC heap before
{Heap before GC invocations=35 (full 0):
 garbage-first heap   total 157696K, used 131708K [0x00000000a2200000, 0x0000000100000000)
  region size 1024K, 38 young (38912K), 1 survivors (1024K)
 Metaspace       used 72704K, committed 73088K, reserved 1114112K
  class space    used 8013K, committed 8192K, reserved 1048576K
}
Event: 38.628 GC heap after
{Heap after GC invocations=36 (full 0):
 garbage-first heap   total 157696K, used 100832K [0x00000000a2200000, 0x0000000100000000)
  region size 1024K, 5 young (5120K), 5 survivors (5120K)
 Metaspace       used 72704K, committed 73088K, reserved 1114112K
  class space    used 8013K, committed 8192K, reserved 1048576K
}

Dll operation events (2 events):
Event: 0.021 Loaded shared library C:\Program Files\Android\Android Studio\jbr\bin\java.dll
Event: 1.384 Loaded shared library C:\Program Files\Android\Android Studio\jbr\bin\verify.dll

Deoptimization events (20 events):
Event: 38.358 Thread 0x000001f26341bc10 Uncommon trap: trap_request=0xffffffc6 fr.pc=0x000001f26ec6fee4 relative=0x0000000000000224
Event: 38.358 Thread 0x000001f26341bc10 Uncommon trap: reason=bimorphic_or_optimized_type_check action=maybe_recompile pc=0x000001f26ec6fee4 method=kotlin.SafePublicationLazyImpl.getValue()Ljava/lang/Object; @ 24 c2
Event: 38.358 Thread 0x000001f26341bc10 DEOPT PACKING pc=0x000001f26ec6fee4 sp=0x00000026d22fcea0
Event: 38.358 Thread 0x000001f26341bc10 DEOPT UNPACKING pc=0x000001f26de769a3 sp=0x00000026d22fce68 mode 2
Event: 38.363 Thread 0x000001f26341bc10 Uncommon trap: trap_request=0xffffffc6 fr.pc=0x000001f26ec6fee4 relative=0x0000000000000224
Event: 38.363 Thread 0x000001f26341bc10 Uncommon trap: reason=bimorphic_or_optimized_type_check action=maybe_recompile pc=0x000001f26ec6fee4 method=kotlin.SafePublicationLazyImpl.getValue()Ljava/lang/Object; @ 24 c2
Event: 38.363 Thread 0x000001f26341bc10 DEOPT PACKING pc=0x000001f26ec6fee4 sp=0x00000026d22fcc40
Event: 38.363 Thread 0x000001f26341bc10 DEOPT UNPACKING pc=0x000001f26de769a3 sp=0x00000026d22fcc08 mode 2
Event: 38.631 Thread 0x000001f26341bc10 Uncommon trap: trap_request=0xffffffde fr.pc=0x000001f26eb2ed08 relative=0x0000000000000468
Event: 38.631 Thread 0x000001f26341bc10 Uncommon trap: reason=class_check action=maybe_recompile pc=0x000001f26eb2ed08 method=org.jetbrains.kotlin.types.AbstractNullabilityChecker.runIsPossibleSubtype(Lorg/jetbrains/kotlin/types/TypeCheckerState;Lorg/jetbrains/kotlin/types/model/SimpleTypeMarke
Event: 38.631 Thread 0x000001f26341bc10 DEOPT PACKING pc=0x000001f26eb2ed08 sp=0x00000026d22fb1a0
Event: 38.631 Thread 0x000001f26341bc10 DEOPT UNPACKING pc=0x000001f26de769a3 sp=0x00000026d22fb128 mode 2
Event: 38.631 Thread 0x000001f26341bc10 Uncommon trap: trap_request=0xffffffde fr.pc=0x000001f26eb2ed08 relative=0x0000000000000468
Event: 38.631 Thread 0x000001f26341bc10 Uncommon trap: reason=class_check action=maybe_recompile pc=0x000001f26eb2ed08 method=org.jetbrains.kotlin.types.AbstractNullabilityChecker.runIsPossibleSubtype(Lorg/jetbrains/kotlin/types/TypeCheckerState;Lorg/jetbrains/kotlin/types/model/SimpleTypeMarke
Event: 38.631 Thread 0x000001f26341bc10 DEOPT PACKING pc=0x000001f26eb2ed08 sp=0x00000026d22fc300
Event: 38.631 Thread 0x000001f26341bc10 DEOPT UNPACKING pc=0x000001f26de769a3 sp=0x00000026d22fc288 mode 2
Event: 38.692 Thread 0x000001f26341bc10 Uncommon trap: trap_request=0xffffffde fr.pc=0x000001f26eb2ed08 relative=0x0000000000000468
Event: 38.692 Thread 0x000001f26341bc10 Uncommon trap: reason=class_check action=maybe_recompile pc=0x000001f26eb2ed08 method=org.jetbrains.kotlin.types.AbstractNullabilityChecker.runIsPossibleSubtype(Lorg/jetbrains/kotlin/types/TypeCheckerState;Lorg/jetbrains/kotlin/types/model/SimpleTypeMarke
Event: 38.692 Thread 0x000001f26341bc10 DEOPT PACKING pc=0x000001f26eb2ed08 sp=0x00000026d22fc300
Event: 38.692 Thread 0x000001f26341bc10 DEOPT UNPACKING pc=0x000001f26de769a3 sp=0x00000026d22fc288 mode 2

Classes unloaded (0 events):
No events

Classes redefined (0 events):
No events

Internal exceptions (20 events):
Event: 18.892 Thread 0x000001f26341bc10 Implicit null exception at 0x000001f26e7e8ca7 to 0x000001f26e7f0b9c
Event: 18.978 Thread 0x000001f26341bc10 Implicit null exception at 0x000001f26e794183 to 0x000001f26e79446c
Event: 19.498 Thread 0x000001f26341bc10 Implicit null exception at 0x000001f26e822b07 to 0x000001f26e8232cc
Event: 20.108 Thread 0x000001f26341bc10 Exception <a 'java/lang/NoSuchMethodError'{0x00000000aa11a680}: 'java.lang.Object java.lang.invoke.DirectMethodHandle$Holder.invokeInterface(java.lang.Object, java.lang.Object, java.lang.Object)'> (0x00000000aa11a680) 
thrown [s\src\hotspot\share\interpreter\linkResolver.cpp, line 771]
Event: 20.109 Thread 0x000001f26341bc10 Exception <a 'java/lang/IncompatibleClassChangeError'{0x00000000aa11e540}: Found class java.lang.Object, but interface was expected> (0x00000000aa11e540) 
thrown [s\src\hotspot\share\interpreter\linkResolver.cpp, line 838]
Event: 20.742 Thread 0x000001f26341bc10 Implicit null exception at 0x000001f26e76f4dc to 0x000001f26e776b58
Event: 21.285 Thread 0x000001f26341bc10 Exception <a 'java/lang/NoSuchMethodError'{0x00000000a97bc910}: 'int java.lang.invoke.DirectMethodHandle$Holder.invokeStaticInit(java.lang.Object, int)'> (0x00000000a97bc910) 
thrown [s\src\hotspot\share\interpreter\linkResolver.cpp, line 771]
Event: 22.778 Thread 0x000001f26341bc10 Implicit null exception at 0x000001f26e824c8c to 0x000001f26e825240
Event: 22.783 Thread 0x000001f26341bc10 Implicit null exception at 0x000001f26e4b8b3b to 0x000001f26e4ba550
Event: 23.674 Thread 0x000001f26341bc10 Implicit null exception at 0x000001f26e6f2bf8 to 0x000001f26e6f676c
Event: 30.158 Thread 0x000001f26341bc10 Implicit null exception at 0x000001f26e46b44d to 0x000001f26e46b730
Event: 36.574 Thread 0x000001f26341bc10 Exception <a 'java/lang/NoSuchMethodError'{0x00000000a9edb7a0}: 'java.lang.Object java.lang.invoke.DirectMethodHandle$Holder.invokeStaticInit(java.lang.Object, java.lang.Object, java.lang.Object, java.lang.Object)'> (0x00000000a9edb7a0) 
thrown [s\src\hotspot\share\interpreter\linkResolver.cpp, line 771]
Event: 36.973 Thread 0x000001f26341bc10 Exception <a 'java/lang/NoSuchMethodError'{0x00000000aa5149a0}: 'java.lang.Object java.lang.invoke.DirectMethodHandle$Holder.newInvokeSpecial(java.lang.Object, java.lang.Object, java.lang.Object, int, int)'> (0x00000000aa5149a0) 
thrown [s\src\hotspot\share\interpreter\linkResolver.cpp, line 771]
Event: 36.974 Thread 0x000001f26341bc10 Exception <a 'java/lang/NoSuchMethodError'{0x00000000aa5187e0}: 'java.lang.Object java.lang.invoke.DirectMethodHandle$Holder.invokeSpecial(java.lang.Object, java.lang.Object, java.lang.Object, java.lang.Object, int, int)'> (0x00000000aa5187e0) 
thrown [s\src\hotspot\share\interpreter\linkResolver.cpp, line 771]
Event: 37.104 Thread 0x000001f26341bc10 Exception <a 'java/lang/NoSuchMethodError'{0x00000000ab9f54d0}: 'java.lang.Object java.lang.invoke.DirectMethodHandle$Holder.invokeSpecial(java.lang.Object, java.lang.Object, int, int, java.lang.Object, java.lang.Object, java.lang.Object, java.lang.Object, java.lang.Object)'> (0x00000000ab9f54d0) 
thrown [s\src\hotspot\share\interpreter\linkResolver.cpp, line 771]
Event: 37.481 Thread 0x000001f26341bc10 Implicit null exception at 0x000001f26e891963 to 0x000001f26e893020
Event: 37.546 Thread 0x000001f26341bc10 Implicit null exception at 0x000001f26e493170 to 0x000001f26e49339c
Event: 37.616 Thread 0x000001f26341bc10 Exception <a 'java/lang/NoSuchMethodError'{0x00000000aa718d88}: 'java.lang.Object java.lang.invoke.DirectMethodHandle$Holder.invokeStatic(java.lang.Object, java.lang.Object, java.lang.Object, int, int, java.lang.Object, java.lang.Object, java.lang.Object, java.lang.Object)'> (0x00000000aa718d88) 
thrown [s\src\hotspot\share\interpreter\linkResolver.cpp, line 771]
Event: 37.621 Thread 0x000001f26341bc10 Exception <a 'java/lang/NoSuchMethodError'{0x00000000aa723050}: 'java.lang.Object java.lang.invoke.DirectMethodHandle$Holder.newInvokeSpecial(java.lang.Object, java.lang.Object, java.lang.Object, int, int, java.lang.Object)'> (0x00000000aa723050) 
thrown [s\src\hotspot\share\interpreter\linkResolver.cpp, line 771]
Event: 37.622 Thread 0x000001f26341bc10 Exception <a 'java/lang/NoSuchMethodError'{0x00000000aa72a9f0}: 'java.lang.Object java.lang.invoke.Invokers$Holder.linkToTargetMethod(java.lang.Object, java.lang.Object, int, int, java.lang.Object, java.lang.Object)'> (0x00000000aa72a9f0) 
thrown [s\src\hotspot\share\interpreter\linkResolver.cpp, line 771]

VM Operations (20 events):
Event: 37.472 Executing VM operation: HandshakeAllThreads done
Event: 37.602 Executing VM operation: ICBufferFull
Event: 37.603 Executing VM operation: ICBufferFull done
Event: 37.658 Executing VM operation: G1CollectForAllocation
Event: 37.669 Executing VM operation: G1CollectForAllocation done
Event: 37.864 Executing VM operation: G1CollectForAllocation
Event: 37.874 Executing VM operation: G1CollectForAllocation done
Event: 38.055 Executing VM operation: ICBufferFull
Event: 38.056 Executing VM operation: ICBufferFull done
Event: 38.161 Executing VM operation: ICBufferFull
Event: 38.161 Executing VM operation: ICBufferFull done
Event: 38.290 Executing VM operation: HandshakeAllThreads
Event: 38.290 Executing VM operation: HandshakeAllThreads done
Event: 38.316 Executing VM operation: ICBufferFull
Event: 38.316 Executing VM operation: ICBufferFull done
Event: 38.590 Executing VM operation: ICBufferFull
Event: 38.590 Executing VM operation: ICBufferFull done
Event: 38.613 Executing VM operation: G1CollectForAllocation
Event: 38.628 Executing VM operation: G1CollectForAllocation done
Event: 38.719 Executing VM operation: G1PauseRemark

Events (20 events):
Event: 38.325 Thread 0x000001f27c55e270 flushing nmethod 0x000001f26821d490
Event: 38.325 Thread 0x000001f27c55e270 flushing nmethod 0x000001f26822dc90
Event: 38.326 Thread 0x000001f27c55e270 flushing nmethod 0x000001f2682dfa10
Event: 38.327 Thread 0x000001f27c55e270 flushing nmethod 0x000001f26837dd10
Event: 38.327 Thread 0x000001f27c55e270 flushing nmethod 0x000001f2683afe10
Event: 38.327 Thread 0x000001f27c55e270 flushing nmethod 0x000001f2683f3890
Event: 38.327 Thread 0x000001f27c55e270 flushing nmethod 0x000001f268403890
Event: 38.328 Thread 0x000001f27c55e270 flushing nmethod 0x000001f2684be190
Event: 38.330 Thread 0x000001f27c55e270 flushing nmethod 0x000001f2686a3590
Event: 38.330 Thread 0x000001f27c55e270 flushing nmethod 0x000001f2686a8690
Event: 38.330 Thread 0x000001f27c55e270 flushing nmethod 0x000001f2686c3790
Event: 38.331 Thread 0x000001f27c55e270 flushing nmethod 0x000001f268883790
Event: 38.332 Thread 0x000001f27c55e270 flushing nmethod 0x000001f268912510
Event: 38.332 Thread 0x000001f27c55e270 flushing nmethod 0x000001f26891b290
Event: 38.332 Thread 0x000001f27c55e270 flushing nmethod 0x000001f268940690
Event: 38.332 Thread 0x000001f27c55e270 flushing nmethod 0x000001f268941210
Event: 38.333 Thread 0x000001f27c55e270 flushing nmethod 0x000001f268980b90
Event: 38.333 Thread 0x000001f27c55e270 flushing nmethod 0x000001f26898d690
Event: 38.333 Thread 0x000001f27c55e270 flushing nmethod 0x000001f268a04410
Event: 38.333 Thread 0x000001f27c55e270 flushing nmethod 0x000001f268a0aa90


Dynamic libraries:
0x00007ff695c70000 - 0x00007ff695c7a000 	C:\Program Files\Android\Android Studio\jbr\bin\java.exe
0x00007fffc5430000 - 0x00007fffc5647000 	C:\WINDOWS\SYSTEM32\ntdll.dll
0x00007fffc38f0000 - 0x00007fffc39b4000 	C:\WINDOWS\System32\KERNEL32.DLL
0x00007fffc29e0000 - 0x00007fffc2d87000 	C:\WINDOWS\System32\KERNELBASE.dll
0x00007fffc2d90000 - 0x00007fffc2ea1000 	C:\WINDOWS\System32\ucrtbase.dll
0x00007fffb13e0000 - 0x00007fffb13fb000 	C:\Program Files\Android\Android Studio\jbr\bin\VCRUNTIME140.dll
0x00007fffb16d0000 - 0x00007fffb16e7000 	C:\Program Files\Android\Android Studio\jbr\bin\jli.dll
0x00007fffc47c0000 - 0x00007fffc496e000 	C:\WINDOWS\System32\USER32.dll
0x00007fffc3130000 - 0x00007fffc3156000 	C:\WINDOWS\System32\win32u.dll
0x00007fffa4e50000 - 0x00007fffa50e3000 	C:\WINDOWS\WinSxS\amd64_microsoft.windows.common-controls_6595b64144ccf1df_6.0.22621.3527_none_270e469b73872a76\COMCTL32.dll
0x00007fffc4df0000 - 0x00007fffc4e19000 	C:\WINDOWS\System32\GDI32.dll
0x00007fffc4e20000 - 0x00007fffc4ec7000 	C:\WINDOWS\System32\msvcrt.dll
0x00007fffc3010000 - 0x00007fffc3129000 	C:\WINDOWS\System32\gdi32full.dll
0x00007fffc2f70000 - 0x00007fffc300a000 	C:\WINDOWS\System32\msvcp_win.dll
0x00007fffc53b0000 - 0x00007fffc53e1000 	C:\WINDOWS\System32\IMM32.DLL
0x00007fffbd520000 - 0x00007fffbd52c000 	C:\Program Files\Android\Android Studio\jbr\bin\vcruntime140_1.dll
0x00007fff96480000 - 0x00007fff9650d000 	C:\Program Files\Android\Android Studio\jbr\bin\msvcp140.dll
0x00007fff64470000 - 0x00007fff650f3000 	C:\Program Files\Android\Android Studio\jbr\bin\server\jvm.dll
0x00007fffc3830000 - 0x00007fffc38e2000 	C:\WINDOWS\System32\ADVAPI32.dll
0x00007fffc42b0000 - 0x00007fffc4358000 	C:\WINDOWS\System32\sechost.dll
0x00007fffc27d0000 - 0x00007fffc27f8000 	C:\WINDOWS\System32\bcrypt.dll
0x00007fffc3710000 - 0x00007fffc3825000 	C:\WINDOWS\System32\RPCRT4.dll
0x00007fffc2610000 - 0x00007fffc265d000 	C:\WINDOWS\SYSTEM32\POWRPROF.dll
0x00007fffc0210000 - 0x00007fffc0244000 	C:\WINDOWS\SYSTEM32\WINMM.dll
0x00007fffbf380000 - 0x00007fffbf389000 	C:\WINDOWS\SYSTEM32\WSOCK32.dll
0x00007fffba3c0000 - 0x00007fffba3ca000 	C:\WINDOWS\SYSTEM32\VERSION.dll
0x00007fffc4220000 - 0x00007fffc4291000 	C:\WINDOWS\System32\WS2_32.dll
0x00007fffc2540000 - 0x00007fffc2553000 	C:\WINDOWS\SYSTEM32\UMPDC.dll
0x00007fffc1770000 - 0x00007fffc1788000 	C:\WINDOWS\SYSTEM32\kernel.appcore.dll
0x00007fffbca10000 - 0x00007fffbca1a000 	C:\Program Files\Android\Android Studio\jbr\bin\jimage.dll
0x00007fffbff90000 - 0x00007fffc01c2000 	C:\WINDOWS\SYSTEM32\DBGHELP.DLL
0x00007fffc5020000 - 0x00007fffc53a8000 	C:\WINDOWS\System32\combase.dll
0x00007fffc4f40000 - 0x00007fffc5017000 	C:\WINDOWS\System32\OLEAUT32.dll
0x00007fffc01d0000 - 0x00007fffc0202000 	C:\WINDOWS\SYSTEM32\dbgcore.DLL
0x00007fffc2750000 - 0x00007fffc27c9000 	C:\WINDOWS\System32\bcryptPrimitives.dll
0x00007fffb1ae0000 - 0x00007fffb1b05000 	C:\Program Files\Android\Android Studio\jbr\bin\java.dll
0x00007fffb8380000 - 0x00007fffb8398000 	C:\Program Files\Android\Android Studio\jbr\bin\zip.dll
0x00007fffc39c0000 - 0x00007fffc421c000 	C:\WINDOWS\System32\SHELL32.dll
0x00007fffc0690000 - 0x00007fffc0f86000 	C:\WINDOWS\SYSTEM32\windows.storage.dll
0x00007fffc0550000 - 0x00007fffc068e000 	C:\WINDOWS\SYSTEM32\wintypes.dll
0x00007fffc46c0000 - 0x00007fffc47b5000 	C:\WINDOWS\System32\SHCORE.dll
0x00007fffc3320000 - 0x00007fffc337e000 	C:\WINDOWS\System32\shlwapi.dll
0x00007fffc2680000 - 0x00007fffc26a1000 	C:\WINDOWS\SYSTEM32\profapi.dll
0x00007fffb1930000 - 0x00007fffb1949000 	C:\Program Files\Android\Android Studio\jbr\bin\net.dll
0x00007fffbbec0000 - 0x00007fffbbff6000 	C:\WINDOWS\SYSTEM32\WINHTTP.dll
0x00007fffc1be0000 - 0x00007fffc1c49000 	C:\WINDOWS\system32\mswsock.dll
0x00007fffb1910000 - 0x00007fffb1926000 	C:\Program Files\Android\Android Studio\jbr\bin\nio.dll
0x00007fffbc9f0000 - 0x00007fffbca00000 	C:\Program Files\Android\Android Studio\jbr\bin\verify.dll

dbghelp: loaded successfully - version: 4.0.5 - missing functions: none
symbol engine: initialized successfully - sym options: 0x614 - pdb path: .;C:\Program Files\Android\Android Studio\jbr\bin;C:\WINDOWS\SYSTEM32;C:\WINDOWS\WinSxS\amd64_microsoft.windows.common-controls_6595b64144ccf1df_6.0.22621.3527_none_270e469b73872a76;C:\Program Files\Android\Android Studio\jbr\bin\server

VM Arguments:
java_command: org.jetbrains.kotlin.cli.jvm.K2JVMCompiler @C:\Users\Noah Marinic\Documents\GitHub\BA_STUFF\React Native\PWManager\pwmanager\node_modules\react-native-screens\android\build\20240520_3596684401420681524.compiler.options
java_class_path (initial): C:\Users\Noah Marinic\scoop\apps\gradle\current\.gradle\caches\modules-2\files-2.1\org.jetbrains.kotlin\kotlin-compiler-embeddable\1.9.22\9cd4dc7773cf2a99ecd961a88fbbc9a2da3fb5e1\kotlin-compiler-embeddable-1.9.22.jar;C:\Users\Noah Marinic\scoop\apps\gradle\current\.gradle\caches\modules-2\files-2.1\org.jetbrains.kotlin\kotlin-stdlib\1.9.22\d6c44cd08d8f3f9bece8101216dbe6553365c6e3\kotlin-stdlib-1.9.22.jar;C:\Users\Noah Marinic\scoop\apps\gradle\current\.gradle\caches\modules-2\files-2.1\org.jetbrains.kotlin\kotlin-script-runtime\1.9.22\f8139a46fc677ec9badc49ae954392f4f5e7e7c7\kotlin-script-runtime-1.9.22.jar;C:\Users\Noah Marinic\scoop\apps\gradle\current\.gradle\caches\modules-2\files-2.1\org.jetbrains.kotlin\kotlin-reflect\1.6.10\1cbe9c92c12a94eea200d23c2bbaedaf3daf5132\kotlin-reflect-1.6.10.jar;C:\Users\Noah Marinic\scoop\apps\gradle\current\.gradle\caches\modules-2\files-2.1\org.jetbrains.kotlin\kotlin-daemon-embeddable\1.9.22\20e2c5df715f3240c765cfc222530e2796542021\kotlin-daemon-embeddable-1.9.22.jar;C:\Users\Noah Marinic\scoop\apps\gradle\current\.gradle\caches\modules-2\files-2.1\org.jetbrains.intellij.deps\trove4j\1.0.20200330\3afb14d5f9ceb459d724e907a21145e8ff394f02\trove4j-1.0.20200330.jar;C:\Users\Noah Marinic\scoop\apps\gradle\current\.gradle\caches\modules-2\files-2.1\org.jetbrains\annotations\13.0\919f0dfe192fb4e063e7dacadee7f8bb9a2672a9\annotations-13.0.jar
Launcher Type: SUN_STANDARD

[Global flags]
     intx CICompilerCount                          = 4                                         {product} {ergonomic}
     uint ConcGCThreads                            = 3                                         {product} {ergonomic}
     uint G1ConcRefinementThreads                  = 10                                        {product} {ergonomic}
   size_t G1HeapRegionSize                         = 1048576                                   {product} {ergonomic}
    uintx GCDrainStackTargetSize                   = 64                                        {product} {ergonomic}
   size_t InitialHeapSize                          = 98566144                                  {product} {ergonomic}
   size_t MarkStackSize                            = 4194304                                   {product} {ergonomic}
   size_t MaxHeapSize                              = 1574961152                                {product} {ergonomic}
   size_t MaxNewSize                               = 944766976                                 {product} {ergonomic}
   size_t MinHeapDeltaBytes                        = 1048576                                   {product} {ergonomic}
   size_t MinHeapSize                              = 8388608                                   {product} {ergonomic}
    uintx NonNMethodCodeHeapSize                   = 5839372                                {pd product} {ergonomic}
    uintx NonProfiledCodeHeapSize                  = 122909434                              {pd product} {ergonomic}
    uintx ProfiledCodeHeapSize                     = 122909434                              {pd product} {ergonomic}
    uintx ReservedCodeCacheSize                    = 251658240                              {pd product} {ergonomic}
     bool SegmentedCodeCache                       = true                                      {product} {ergonomic}
   size_t SoftMaxHeapSize                          = 1574961152                             {manageable} {ergonomic}
     bool UseCompressedClassPointers               = true                           {product lp64_product} {ergonomic}
     bool UseCompressedOops                        = true                           {product lp64_product} {ergonomic}
     bool UseG1GC                                  = true                                      {product} {ergonomic}
     bool UseLargePagesIndividualAllocation        = false                                  {pd product} {ergonomic}

Logging:
Log output configuration:
 #0: stdout all=warning uptime,level,tags
 #1: stderr all=off uptime,level,tags

Environment Variables:
JAVA_HOME=C:\Program Files\Android\Android Studio\jbr
PATH=C:\Program Files\Common Files\Oracle\Java\javapath;C:\Program Files (x86)\Common Files\Oracle\Java\javapath;C:\WINDOWS\system32;C:\WINDOWS;C:\WINDOWS\System32\Wbem;C:\WINDOWS\System32\WindowsPowerShell\v1.0\;C:\WINDOWS\System32\OpenSSH\;C:\Program Files\nodejs\;C:\Users\Noah Marinic\flutter\bin;C:\Program Files (x86)\Windows Kits\10\Windows Performance Toolkit\;C:\Users\Noah Marinic\AppData\Local\Android\Sdk\platform-tools;C:\Program Files\Git\cmd;C:\Users\Noah Marinic\scoop\shims;C:\Users\Noah Marinic\AppData\Local\Programs\Python\Python312\Scripts\;C:\Users\Noah Marinic\AppData\Local\Programs\Python\Python312\;C:\Users\Noah Marinic\AppData\Local\Microsoft\WindowsApps;C:\Users\Noah Marinic\AppData\Local\Programs\Microsoft VS Code\bin;C:\Users\Noah Marinic\AppData\Roaming\npm;C:\Users\Noah Marinic\AppData\Local\GitHubDesktop\bin;C:\Users\Noah Marinic\AppData\Roaming\.flashlight;C:\Users\Noah Marinic\AppData\Local\Programs\Python\Python312\Scripts;C:\Program Files\Android\Android Studio\jbr\bin;C:\Users\Noah Marinic\AppData\Local\Android\Sdk\platform-tools;C:\Users\Noah Marinic\AppData\Local\Android\Sdk\tools;C:\Users\Noah Marinic\AppData\Local\Android\Sdk\tools\bin;
USERNAME=Noah Marinic
OS=Windows_NT
PROCESSOR_IDENTIFIER=AMD64 Family 23 Model 104 Stepping 1, AuthenticAMD
TMP=C:\Users\NOAHMA~1\AppData\Local\Temp
TEMP=C:\Users\NOAHMA~1\AppData\Local\Temp



Periodic native trim disabled

JNI global refs:
JNI global refs: 12, weak refs: 18

JNI global refs memory usage: 843, weak refs: 841

OOME stack traces (most recent first):
Classloader memory used:
Loader jdk.internal.loader.ClassLoaders$AppClassLoader                                 : 7679K
Loader bootstrap                                                                       : 1388K
Loader jdk.internal.reflect.DelegatingClassLoader                                      : 24743B


---------------  S Y S T E M  ---------------

OS:
 Windows 11 , 64 bit Build 22621 (10.0.22621.3527)
OS uptime: 2 days 21:10 hours

CPU: total 12 (initial active 12) (12 cores per cpu, 2 threads per core) family 23 model 104 stepping 1 microcode 0x0, cx8, cmov, fxsr, ht, mmx, 3dnowpref, sse, sse2, sse3, ssse3, sse4a, sse4.1, sse4.2, popcnt, lzcnt, tsc, tscinvbit, avx, avx2, aes, clmul, bmi1, bmi2, adx, sha, fma, vzeroupper, clflush, clflushopt
Processor Information for processor 0
  Max Mhz: 2100, Current Mhz: 1988, Mhz Limit: 2100
Processor Information for processor 1
  Max Mhz: 2100, Current Mhz: 1988, Mhz Limit: 2100
Processor Information for processor 2
  Max Mhz: 2100, Current Mhz: 1988, Mhz Limit: 2100
Processor Information for processor 3
  Max Mhz: 2100, Current Mhz: 2100, Mhz Limit: 2100
Processor Information for processor 4
  Max Mhz: 2100, Current Mhz: 1988, Mhz Limit: 2100
Processor Information for processor 5
  Max Mhz: 2100, Current Mhz: 1988, Mhz Limit: 2100
Processor Information for processor 6
  Max Mhz: 2100, Current Mhz: 2100, Mhz Limit: 2100
Processor Information for processor 7
  Max Mhz: 2100, Current Mhz: 1988, Mhz Limit: 2100
Processor Information for processor 8
  Max Mhz: 2100, Current Mhz: 2100, Mhz Limit: 2100
Processor Information for processor 9
  Max Mhz: 2100, Current Mhz: 1988, Mhz Limit: 2100
Processor Information for processor 10
  Max Mhz: 2100, Current Mhz: 2100, Mhz Limit: 2100
Processor Information for processor 11
  Max Mhz: 2100, Current Mhz: 1988, Mhz Limit: 2100

Memory: 4k page, system-wide physical 6005M (834M free)
TotalPageFile size 24437M (AvailPageFile size 776M)
current process WorkingSet (physical memory assigned to process): 397M, peak: 403M
current process commit charge ("private bytes"): 438M, peak: 459M

vm_info: OpenJDK 64-Bit Server VM (17.0.10+0--11572160) for windows-amd64 JRE (17.0.10+0--11572160), built on Mar 13 2024 23:56:38 by "androidbuild" with MS VC++ 16.10 / 16.11 (VS2019)

END.
