#
# There is insufficient memory for the Java Runtime Environment to continue.
# Native memory allocation (malloc) failed to allocate 131088 bytes for Chunk::new
# Possible reasons:
#   The system is out of physical RAM or swap space
#   The process is running with CompressedOops enabled, and the Java Heap may be blocking the growth of the native heap
# Possible solutions:
#   Reduce memory load on the system
#   Increase physical memory or swap space
#   Check if swap backing store is full
#   Decrease Java heap size (-Xmx/-Xms)
#   Decrease number of Java threads
#   Decrease Java thread stack sizes (-Xss)
#   Set larger code cache with -XX:ReservedCodeCacheSize=
#   JVM is running with Unscaled Compressed Oops mode in which the Java heap is
#     placed in the first 4GB address space. The Java Heap base address is the
#     maximum limit for the native heap growth. Please use -XX:HeapBaseMinAddress
#     to set the Java Heap base and to place the Java Heap above 4GB virtual address.
# This output file may be truncated or incomplete.
#
#  Out of Memory Error (arena.cpp:191), pid=17368, tid=8984
#
# JRE version: OpenJDK Runtime Environment (17.0.10) (build 17.0.10+0--11572160)
# Java VM: OpenJDK 64-Bit Server VM (17.0.10+0--11572160, mixed mode, tiered, compressed oops, compressed class ptrs, g1 gc, windows-amd64)
# No core dump will be written. Minidumps are not enabled by default on client versions of Windows
#

---------------  S U M M A R Y ------------

Command Line: org.jetbrains.kotlin.cli.jvm.K2JVMCompiler @C:\Users\Noah Marinic\Documents\GitHub\BA_STUFF\React Native\PWManager\pwmanager\node_modules\react-native-screens\android\build\20240520_11939183322332240650.compiler.options

Host: AMD Ryzen 5 5500U with Radeon Graphics         , 12 cores, 5G,  Windows 11 , 64 bit Build 22621 (10.0.22621.3527)
Time: Mon May 20 16:31:47 2024 Mitteleuropäische Sommerzeit elapsed time: 22.635507 seconds (0d 0h 0m 22s)

---------------  T H R E A D  ---------------

Current thread (0x00000252b755ae60):  JavaThread "C2 CompilerThread0" daemon [_thread_in_native, id=8984, stack(0x000000cb10200000,0x000000cb10300000)]


Current CompileTask:
C2:  22635 6307       4       org.jetbrains.kotlin.cli.jvm.index.JvmDependenciesIndexImpl::search (374 bytes)

Stack: [0x000000cb10200000,0x000000cb10300000]
Native frames: (J=compiled Java code, j=interpreted, Vv=VM code, C=native code)
V  [jvm.dll+0x688e89]
V  [jvm.dll+0x84247a]
V  [jvm.dll+0x8440be]
V  [jvm.dll+0x844723]
V  [jvm.dll+0x24be0f]
V  [jvm.dll+0xac524]
V  [jvm.dll+0xacb6c]
V  [jvm.dll+0xac62b]
V  [jvm.dll+0x66640c]
V  [jvm.dll+0x59c96b]
V  [jvm.dll+0x5861d9]
V  [jvm.dll+0x589807]
V  [jvm.dll+0x588f5d]
V  [jvm.dll+0x588e40]
V  [jvm.dll+0x588fc9]
V  [jvm.dll+0x588fc9]
V  [jvm.dll+0x588e40]
V  [jvm.dll+0x588e40]
V  [jvm.dll+0x588fc9]
V  [jvm.dll+0x588fc9]
V  [jvm.dll+0x590b94]
V  [jvm.dll+0x226452]
V  [jvm.dll+0x22683f]
V  [jvm.dll+0x21f966]
V  [jvm.dll+0x21cdb1]
V  [jvm.dll+0x1a60ad]
V  [jvm.dll+0x22cd78]
V  [jvm.dll+0x22aeb0]
V  [jvm.dll+0x7f6917]
V  [jvm.dll+0x7f0d1a]
V  [jvm.dll+0x687d05]
C  [ucrtbase.dll+0x29333]
C  [KERNEL32.DLL+0x1257d]
C  [ntdll.dll+0x5aa48]


---------------  P R O C E S S  ---------------

Threads class SMR info:
_java_thread_list=0x00000252b76d60b0, length=12, elements={
0x000002529e54d690, 0x00000252b73e7260, 0x00000252b73a50a0, 0x00000252b73bfd80,
0x00000252b73c0940, 0x00000252b753af50, 0x00000252b753b910, 0x00000252b755ae60,
0x00000252b755c780, 0x00000252b755fcd0, 0x00000252b76cbe60, 0x00000252b76d3990
}

Java Threads: ( => current thread )
  0x000002529e54d690 JavaThread "main" [_thread_in_Java, id=17780, stack(0x000000cb0f500000,0x000000cb0f600000)]
  0x00000252b73e7260 JavaThread "Reference Handler" daemon [_thread_blocked, id=5808, stack(0x000000cb0fc00000,0x000000cb0fd00000)]
  0x00000252b73a50a0 JavaThread "Finalizer" daemon [_thread_blocked, id=14896, stack(0x000000cb0fd00000,0x000000cb0fe00000)]
  0x00000252b73bfd80 JavaThread "Signal Dispatcher" daemon [_thread_blocked, id=15284, stack(0x000000cb0fe00000,0x000000cb0ff00000)]
  0x00000252b73c0940 JavaThread "Attach Listener" daemon [_thread_blocked, id=11612, stack(0x000000cb0ff00000,0x000000cb10000000)]
  0x00000252b753af50 JavaThread "Service Thread" daemon [_thread_blocked, id=21564, stack(0x000000cb10000000,0x000000cb10100000)]
  0x00000252b753b910 JavaThread "Monitor Deflation Thread" daemon [_thread_blocked, id=22088, stack(0x000000cb10100000,0x000000cb10200000)]
=>0x00000252b755ae60 JavaThread "C2 CompilerThread0" daemon [_thread_in_native, id=8984, stack(0x000000cb10200000,0x000000cb10300000)]
  0x00000252b755c780 JavaThread "C1 CompilerThread0" daemon [_thread_in_native, id=10308, stack(0x000000cb10300000,0x000000cb10400000)]
  0x00000252b755fcd0 JavaThread "Sweeper thread" daemon [_thread_blocked, id=8872, stack(0x000000cb10400000,0x000000cb10500000)]
  0x00000252b76cbe60 JavaThread "Notification Thread" daemon [_thread_blocked, id=19644, stack(0x000000cb10500000,0x000000cb10600000)]
  0x00000252b76d3990 JavaThread "Common-Cleaner" daemon [_thread_blocked, id=15484, stack(0x000000cb10700000,0x000000cb10800000)]

Other Threads:
  0x00000252b73d47c0 VMThread "VM Thread" [stack: 0x000000cb0fb00000,0x000000cb0fc00000] [id=3304]
  0x00000252b75ff3f0 WatcherThread [stack: 0x000000cb10600000,0x000000cb10700000] [id=16116]
  0x000002529e59b070 GCTaskThread "GC Thread#0" [stack: 0x000000cb0f600000,0x000000cb0f700000] [id=5408]
  0x00000252bc379e60 GCTaskThread "GC Thread#1" [stack: 0x000000cb10800000,0x000000cb10900000] [id=4336]
  0x00000252bc436840 GCTaskThread "GC Thread#2" [stack: 0x000000cb10900000,0x000000cb10a00000] [id=17784]
  0x00000252bc436b00 GCTaskThread "GC Thread#3" [stack: 0x000000cb10a00000,0x000000cb10b00000] [id=15552]
  0x00000252bc436dc0 GCTaskThread "GC Thread#4" [stack: 0x000000cb10b00000,0x000000cb10c00000] [id=2708]
  0x00000252bc437890 GCTaskThread "GC Thread#5" [stack: 0x000000cb10c00000,0x000000cb10d00000] [id=18988]
  0x00000252bc7de220 GCTaskThread "GC Thread#6" [stack: 0x000000cb10d00000,0x000000cb10e00000] [id=13212]
  0x00000252bc7de4e0 GCTaskThread "GC Thread#7" [stack: 0x000000cb10e00000,0x000000cb10f00000] [id=14884]
  0x00000252bc829c00 GCTaskThread "GC Thread#8" [stack: 0x000000cb11100000,0x000000cb11200000] [id=20016]
  0x00000252bca6dc80 GCTaskThread "GC Thread#9" [stack: 0x000000cb11200000,0x000000cb11300000] [id=6188]
  0x000002529e5a7b80 ConcurrentGCThread "G1 Main Marker" [stack: 0x000000cb0f700000,0x000000cb0f800000] [id=11936]
  0x000002529e5a85a0 ConcurrentGCThread "G1 Conc#0" [stack: 0x000000cb0f800000,0x000000cb0f900000] [id=13620]
  0x00000252bc6dfd60 ConcurrentGCThread "G1 Conc#1" [stack: 0x000000cb10f00000,0x000000cb11000000] [id=7240]
  0x00000252bc66cfc0 ConcurrentGCThread "G1 Conc#2" [stack: 0x000000cb11000000,0x000000cb11100000] [id=15972]
  0x000002529e5f6950 ConcurrentGCThread "G1 Refine#0" [stack: 0x000000cb0f900000,0x000000cb0fa00000] [id=14408]
  0x000002529e5f7380 ConcurrentGCThread "G1 Service" [stack: 0x000000cb0fa00000,0x000000cb0fb00000] [id=15732]

Threads with active compile tasks:
C2 CompilerThread0    22692 6307       4       org.jetbrains.kotlin.cli.jvm.index.JvmDependenciesIndexImpl::search (374 bytes)
C1 CompilerThread0    22692 6399       3       org.jetbrains.kotlin.resolve.lazy.descriptors.LazyClassMemberScope::getContributedVariables (35 bytes)

VM state: not at safepoint (normal execution)

VM Mutex/Monitor currently owned by a thread: None

Heap address: 0x00000000a2200000, size: 1502 MB, Compressed Oops mode: 32-bit

CDS archive(s) not mapped
Compressed class space mapped at: 0x0000000100000000-0x0000000140000000, reserved size: 1073741824
Narrow klass base: 0x0000000000000000, Narrow klass shift: 3, Narrow klass range: 0x140000000

GC Precious Log:
 CPUs: 12 total, 12 available
 Memory: 6005M
 Large Page Support: Disabled
 NUMA Support: Disabled
 Compressed Oops: Enabled (32-bit)
 Heap Region Size: 1M
 Heap Min Capacity: 8M
 Heap Initial Capacity: 94M
 Heap Max Capacity: 1502M
 Pre-touch: Disabled
 Parallel Workers: 10
 Concurrent Workers: 3
 Concurrent Refinement Workers: 10
 Periodic GC: Disabled

Heap:
 garbage-first heap   total 76800K, used 47104K [0x00000000a2200000, 0x0000000100000000)
  region size 1024K, 15 young (15360K), 4 survivors (4096K)
 Metaspace       used 54019K, committed 54208K, reserved 1114112K
  class space    used 6374K, committed 6464K, reserved 1048576K

Heap Regions: E=young(eden), S=young(survivor), O=old, HS=humongous(starts), HC=humongous(continues), CS=collection set, F=free, OA=open archive, CA=closed archive, TAMS=top-at-mark-start (previous, next)
|   0|0x00000000a2200000, 0x00000000a2300000, 0x00000000a2300000|100%|HS|  |TAMS 0x00000000a2300000, 0x00000000a2200000| Complete 
|   1|0x00000000a2300000, 0x00000000a2400000, 0x00000000a2400000|100%|HC|  |TAMS 0x00000000a2400000, 0x00000000a2300000| Complete 
|   2|0x00000000a2400000, 0x00000000a2500000, 0x00000000a2500000|100%|HC|  |TAMS 0x00000000a2500000, 0x00000000a2400000| Complete 
|   3|0x00000000a2500000, 0x00000000a2600000, 0x00000000a2600000|100%|HC|  |TAMS 0x00000000a2600000, 0x00000000a2500000| Complete 
|   4|0x00000000a2600000, 0x00000000a2700000, 0x00000000a2700000|100%| O|  |TAMS 0x00000000a2700000, 0x00000000a2600000| Untracked 
|   5|0x00000000a2700000, 0x00000000a2800000, 0x00000000a2800000|100%| O|  |TAMS 0x00000000a2800000, 0x00000000a2700000| Untracked 
|   6|0x00000000a2800000, 0x00000000a2900000, 0x00000000a2900000|100%| O|  |TAMS 0x00000000a2900000, 0x00000000a2800000| Untracked 
|   7|0x00000000a2900000, 0x00000000a2a00000, 0x00000000a2a00000|100%| O|  |TAMS 0x00000000a2a00000, 0x00000000a2900000| Untracked 
|   8|0x00000000a2a00000, 0x00000000a2b00000, 0x00000000a2b00000|100%| O|  |TAMS 0x00000000a2b00000, 0x00000000a2a00000| Untracked 
|   9|0x00000000a2b00000, 0x00000000a2c00000, 0x00000000a2c00000|100%| O|  |TAMS 0x00000000a2c00000, 0x00000000a2b00000| Untracked 
|  10|0x00000000a2c00000, 0x00000000a2d00000, 0x00000000a2d00000|100%| O|  |TAMS 0x00000000a2d00000, 0x00000000a2c00000| Untracked 
|  11|0x00000000a2d00000, 0x00000000a2e00000, 0x00000000a2e00000|100%| O|  |TAMS 0x00000000a2e00000, 0x00000000a2d00000| Untracked 
|  12|0x00000000a2e00000, 0x00000000a2f00000, 0x00000000a2f00000|100%| O|  |TAMS 0x00000000a2f00000, 0x00000000a2e00000| Untracked 
|  13|0x00000000a2f00000, 0x00000000a3000000, 0x00000000a3000000|100%| O|  |TAMS 0x00000000a3000000, 0x00000000a2f00000| Untracked 
|  14|0x00000000a3000000, 0x00000000a3100000, 0x00000000a3100000|100%| O|  |TAMS 0x00000000a3100000, 0x00000000a3000000| Untracked 
|  15|0x00000000a3100000, 0x00000000a3200000, 0x00000000a3200000|100%| O|  |TAMS 0x00000000a3200000, 0x00000000a3100000| Untracked 
|  16|0x00000000a3200000, 0x00000000a3300000, 0x00000000a3300000|100%|HS|  |TAMS 0x00000000a3300000, 0x00000000a3200000| Complete 
|  17|0x00000000a3300000, 0x00000000a3400000, 0x00000000a3400000|100%|HC|  |TAMS 0x00000000a3400000, 0x00000000a3300000| Complete 
|  18|0x00000000a3400000, 0x00000000a3500000, 0x00000000a3500000|100%| O|  |TAMS 0x00000000a3500000, 0x00000000a3400000| Untracked 
|  19|0x00000000a3500000, 0x00000000a3600000, 0x00000000a3600000|100%| O|  |TAMS 0x00000000a3600000, 0x00000000a3500000| Untracked 
|  20|0x00000000a3600000, 0x00000000a3700000, 0x00000000a3700000|100%| O|  |TAMS 0x00000000a3700000, 0x00000000a3600000| Untracked 
|  21|0x00000000a3700000, 0x00000000a3800000, 0x00000000a3800000|100%| O|  |TAMS 0x00000000a3800000, 0x00000000a3700000| Untracked 
|  22|0x00000000a3800000, 0x00000000a3900000, 0x00000000a3900000|100%| O|  |TAMS 0x00000000a3900000, 0x00000000a3800000| Untracked 
|  23|0x00000000a3900000, 0x00000000a3a00000, 0x00000000a3a00000|100%| O|  |TAMS 0x00000000a3a00000, 0x00000000a3900000| Untracked 
|  24|0x00000000a3a00000, 0x00000000a3b00000, 0x00000000a3b00000|100%| O|  |TAMS 0x00000000a3b00000, 0x00000000a3a00000| Untracked 
|  25|0x00000000a3b00000, 0x00000000a3c00000, 0x00000000a3c00000|100%| O|  |TAMS 0x00000000a3c00000, 0x00000000a3b00000| Untracked 
|  26|0x00000000a3c00000, 0x00000000a3d00000, 0x00000000a3d00000|100%| O|  |TAMS 0x00000000a3c00000, 0x00000000a3c00000| Untracked 
|  27|0x00000000a3d00000, 0x00000000a3e00000, 0x00000000a3e00000|100%| O|  |TAMS 0x00000000a3e00000, 0x00000000a3d00000| Untracked 
|  28|0x00000000a3e00000, 0x00000000a3f00000, 0x00000000a3f00000|100%| O|  |TAMS 0x00000000a3f00000, 0x00000000a3e00000| Untracked 
|  29|0x00000000a3f00000, 0x00000000a4000000, 0x00000000a4000000|100%| O|  |TAMS 0x00000000a3f99c00, 0x00000000a3f00000| Untracked 
|  30|0x00000000a4000000, 0x00000000a4100000, 0x00000000a4100000|100%| O|  |TAMS 0x00000000a4000000, 0x00000000a4000000| Untracked 
|  31|0x00000000a4100000, 0x00000000a4100000, 0x00000000a4200000|  0%| F|  |TAMS 0x00000000a4100000, 0x00000000a4100000| Untracked 
|  32|0x00000000a4200000, 0x00000000a4200000, 0x00000000a4300000|  0%| F|  |TAMS 0x00000000a4200000, 0x00000000a4200000| Untracked 
|  33|0x00000000a4300000, 0x00000000a4300000, 0x00000000a4400000|  0%| F|  |TAMS 0x00000000a4300000, 0x00000000a4300000| Untracked 
|  34|0x00000000a4400000, 0x00000000a4400000, 0x00000000a4500000|  0%| F|  |TAMS 0x00000000a4400000, 0x00000000a4400000| Untracked 
|  35|0x00000000a4500000, 0x00000000a4500000, 0x00000000a4600000|  0%| F|  |TAMS 0x00000000a4500000, 0x00000000a4500000| Untracked 
|  36|0x00000000a4600000, 0x00000000a4600000, 0x00000000a4700000|  0%| F|  |TAMS 0x00000000a4600000, 0x00000000a4600000| Untracked 
|  37|0x00000000a4700000, 0x00000000a4700000, 0x00000000a4800000|  0%| F|  |TAMS 0x00000000a4700000, 0x00000000a4700000| Untracked 
|  38|0x00000000a4800000, 0x00000000a4800000, 0x00000000a4900000|  0%| F|  |TAMS 0x00000000a4800000, 0x00000000a4800000| Untracked 
|  39|0x00000000a4900000, 0x00000000a4900000, 0x00000000a4a00000|  0%| F|  |TAMS 0x00000000a4900000, 0x00000000a4900000| Untracked 
|  40|0x00000000a4a00000, 0x00000000a4a00000, 0x00000000a4b00000|  0%| F|  |TAMS 0x00000000a4a00000, 0x00000000a4a00000| Untracked 
|  41|0x00000000a4b00000, 0x00000000a4b00000, 0x00000000a4c00000|  0%| F|  |TAMS 0x00000000a4b00000, 0x00000000a4b00000| Untracked 
|  42|0x00000000a4c00000, 0x00000000a4c00000, 0x00000000a4d00000|  0%| F|  |TAMS 0x00000000a4c00000, 0x00000000a4c00000| Untracked 
|  43|0x00000000a4d00000, 0x00000000a4d00000, 0x00000000a4e00000|  0%| F|  |TAMS 0x00000000a4d00000, 0x00000000a4d00000| Untracked 
|  44|0x00000000a4e00000, 0x00000000a4e00000, 0x00000000a4f00000|  0%| F|  |TAMS 0x00000000a4e00000, 0x00000000a4e00000| Untracked 
|  45|0x00000000a4f00000, 0x00000000a4f00000, 0x00000000a5000000|  0%| F|  |TAMS 0x00000000a4f00000, 0x00000000a4f00000| Untracked 
|  46|0x00000000a5000000, 0x00000000a5100000, 0x00000000a5100000|100%| S|CS|TAMS 0x00000000a5000000, 0x00000000a5000000| Complete 
|  47|0x00000000a5100000, 0x00000000a5200000, 0x00000000a5200000|100%| S|CS|TAMS 0x00000000a5100000, 0x00000000a5100000| Complete 
|  48|0x00000000a5200000, 0x00000000a5300000, 0x00000000a5300000|100%| S|CS|TAMS 0x00000000a5200000, 0x00000000a5200000| Complete 
|  49|0x00000000a5300000, 0x00000000a5400000, 0x00000000a5400000|100%| S|CS|TAMS 0x00000000a5300000, 0x00000000a5300000| Complete 
|  50|0x00000000a5400000, 0x00000000a5400000, 0x00000000a5500000|  0%| F|  |TAMS 0x00000000a5400000, 0x00000000a5400000| Untracked 
|  51|0x00000000a5500000, 0x00000000a5500000, 0x00000000a5600000|  0%| F|  |TAMS 0x00000000a5500000, 0x00000000a5500000| Untracked 
|  52|0x00000000a5600000, 0x00000000a5600000, 0x00000000a5700000|  0%| F|  |TAMS 0x00000000a5600000, 0x00000000a5600000| Untracked 
|  53|0x00000000a5700000, 0x00000000a5700000, 0x00000000a5800000|  0%| F|  |TAMS 0x00000000a5700000, 0x00000000a5700000| Untracked 
|  54|0x00000000a5800000, 0x00000000a5800000, 0x00000000a5900000|  0%| F|  |TAMS 0x00000000a5800000, 0x00000000a5800000| Untracked 
|  55|0x00000000a5900000, 0x00000000a5900000, 0x00000000a5a00000|  0%| F|  |TAMS 0x00000000a5900000, 0x00000000a5900000| Untracked 
|  56|0x00000000a5a00000, 0x00000000a5a00000, 0x00000000a5b00000|  0%| F|  |TAMS 0x00000000a5a00000, 0x00000000a5a00000| Untracked 
|  57|0x00000000a5b00000, 0x00000000a5b00000, 0x00000000a5c00000|  0%| F|  |TAMS 0x00000000a5b00000, 0x00000000a5b00000| Untracked 
|  58|0x00000000a5c00000, 0x00000000a5c00000, 0x00000000a5d00000|  0%| F|  |TAMS 0x00000000a5c00000, 0x00000000a5c00000| Untracked 
|  59|0x00000000a5d00000, 0x00000000a5d00000, 0x00000000a5e00000|  0%| F|  |TAMS 0x00000000a5d00000, 0x00000000a5d00000| Untracked 
|  60|0x00000000a5e00000, 0x00000000a5e00000, 0x00000000a5f00000|  0%| F|  |TAMS 0x00000000a5e00000, 0x00000000a5e00000| Untracked 
|  61|0x00000000a5f00000, 0x00000000a5f00000, 0x00000000a6000000|  0%| F|  |TAMS 0x00000000a5f00000, 0x00000000a5f00000| Untracked 
|  62|0x00000000a6000000, 0x00000000a6000000, 0x00000000a6100000|  0%| F|  |TAMS 0x00000000a6000000, 0x00000000a6000000| Untracked 
|  63|0x00000000a6100000, 0x00000000a61d5fe0, 0x00000000a6200000| 83%| E|  |TAMS 0x00000000a6100000, 0x00000000a6100000| Complete 
|  64|0x00000000a6200000, 0x00000000a6300000, 0x00000000a6300000|100%| E|CS|TAMS 0x00000000a6200000, 0x00000000a6200000| Complete 
|  65|0x00000000a6300000, 0x00000000a6400000, 0x00000000a6400000|100%| E|CS|TAMS 0x00000000a6300000, 0x00000000a6300000| Complete 
|  66|0x00000000a6400000, 0x00000000a6500000, 0x00000000a6500000|100%| E|CS|TAMS 0x00000000a6400000, 0x00000000a6400000| Complete 
|  67|0x00000000a6500000, 0x00000000a6600000, 0x00000000a6600000|100%| E|CS|TAMS 0x00000000a6500000, 0x00000000a6500000| Complete 
|  68|0x00000000a6600000, 0x00000000a6700000, 0x00000000a6700000|100%| E|CS|TAMS 0x00000000a6600000, 0x00000000a6600000| Complete 
|  69|0x00000000a6700000, 0x00000000a6800000, 0x00000000a6800000|100%| E|CS|TAMS 0x00000000a6700000, 0x00000000a6700000| Complete 
|  70|0x00000000a6800000, 0x00000000a6900000, 0x00000000a6900000|100%| E|CS|TAMS 0x00000000a6800000, 0x00000000a6800000| Complete 
|  71|0x00000000a6900000, 0x00000000a6a00000, 0x00000000a6a00000|100%| E|CS|TAMS 0x00000000a6900000, 0x00000000a6900000| Complete 
|  72|0x00000000a6a00000, 0x00000000a6b00000, 0x00000000a6b00000|100%| E|CS|TAMS 0x00000000a6a00000, 0x00000000a6a00000| Complete 
|  93|0x00000000a7f00000, 0x00000000a8000000, 0x00000000a8000000|100%| E|CS|TAMS 0x00000000a7f00000, 0x00000000a7f00000| Complete 
|1501|0x00000000fff00000, 0x0000000100000000, 0x0000000100000000|100%| O|  |TAMS 0x0000000100000000, 0x00000000fff00000| Untracked 

Card table byte_map: [0x00000252b1270000,0x00000252b1560000] _byte_map_base: 0x00000252b0d5f000

Marking Bits (Prev, Next): (CMBitMap*) 0x000002529e59b6d0, (CMBitMap*) 0x000002529e59b690
 Prev Bits: [0x00000252b2fd0000, 0x00000252b4748000)
 Next Bits: [0x00000252b1850000, 0x00000252b2fc8000)

Polling page: 0x000002529c4f0000

Metaspace:

Usage:
  Non-class:     46.53 MB used.
      Class:      6.22 MB used.
       Both:     52.75 MB used.

Virtual space:
  Non-class space:       64.00 MB reserved,      46.62 MB ( 73%) committed,  1 nodes.
      Class space:        1.00 GB reserved,       6.31 MB ( <1%) committed,  1 nodes.
             Both:        1.06 GB reserved,      52.94 MB (  5%) committed. 

Chunk freelists:
   Non-Class:  1.39 MB
       Class:  9.64 MB
        Both:  11.03 MB

MaxMetaspaceSize: unlimited
CompressedClassSpaceSize: 1.00 GB
Initial GC threshold: 21.00 MB
Current GC threshold: 80.94 MB
CDS: off
MetaspaceReclaimPolicy: balanced
 - commit_granule_bytes: 65536.
 - commit_granule_words: 8192.
 - virtual_space_node_default_size: 8388608.
 - enlarge_chunks_in_place: 1.
 - new_chunks_are_fully_committed: 0.
 - uncommit_free_chunks: 1.
 - use_allocation_guard: 0.
 - handle_deallocations: 1.


Internal statistics:

num_allocs_failed_limit: 6.
num_arena_births: 248.
num_arena_deaths: 0.
num_vsnodes_births: 2.
num_vsnodes_deaths: 0.
num_space_committed: 845.
num_space_uncommitted: 0.
num_chunks_returned_to_freelist: 6.
num_chunks_taken_from_freelist: 1970.
num_chunk_merges: 6.
num_chunk_splits: 1538.
num_chunks_enlarged: 1330.
num_inconsistent_stats: 0.

CodeHeap 'non-profiled nmethods': size=120000Kb used=2874Kb max_used=2874Kb free=117125Kb
 bounds [0x00000252a94f0000, 0x00000252a97c0000, 0x00000252b0a20000]
CodeHeap 'profiled nmethods': size=120000Kb used=14464Kb max_used=14464Kb free=105535Kb
 bounds [0x00000252a1a20000, 0x00000252a2850000, 0x00000252a8f50000]
CodeHeap 'non-nmethods': size=5760Kb used=1283Kb max_used=1330Kb free=4477Kb
 bounds [0x00000252a8f50000, 0x00000252a91c0000, 0x00000252a94f0000]
 total_blobs=6852 nmethods=6259 adapters=504
 compilation: enabled
              stopped_count=0, restarted_count=0
 full_count=0

Compilation events (20 events):
Event: 22.616 Thread 0x00000252b755c780 nmethod 6363 0x00000252a281e710 code [0x00000252a281e9a0, 0x00000252a281f8a8]
Event: 22.616 Thread 0x00000252b755c780 6364       3       java.util.stream.AbstractPipeline::wrapAndCopyInto (18 bytes)
Event: 22.617 Thread 0x00000252b755c780 nmethod 6364 0x00000252a281fe10 code [0x00000252a281ffe0, 0x00000252a28203c8]
Event: 22.617 Thread 0x00000252b755c780 6366       3       org.jetbrains.kotlin.descriptors.impl.PropertyDescriptorImpl::getKind (14 bytes)
Event: 22.617 Thread 0x00000252b755c780 nmethod 6366 0x00000252a2820510 code [0x00000252a28206c0, 0x00000252a2820848]
Event: 22.617 Thread 0x00000252b755c780 6367       3       org.jetbrains.kotlin.name.Name::special (55 bytes)
Event: 22.618 Thread 0x00000252b755c780 nmethod 6367 0x00000252a2820910 code [0x00000252a2820b80, 0x00000252a28214e8]
Event: 22.619 Thread 0x00000252b755c780 6368       3       org.jetbrains.kotlin.types.checker.ClassicTypeCheckerStateKt::createClassicTypeCheckerState$default (64 bytes)
Event: 22.619 Thread 0x00000252b755c780 nmethod 6368 0x00000252a2821890 code [0x00000252a2821a40, 0x00000252a2821c68]
Event: 22.621 Thread 0x00000252b755c780 6369       3       org.jetbrains.kotlin.util.Box::hashCode (5 bytes)
Event: 22.621 Thread 0x00000252b755c780 nmethod 6369 0x00000252a2821d10 code [0x00000252a2821ea0, 0x00000252a2821fe8]
Event: 22.621 Thread 0x00000252b755c780 6370       3       org.jetbrains.kotlin.psi.KtProperty::getAccessors (17 bytes)
Event: 22.621 Thread 0x00000252b755c780 nmethod 6370 0x00000252a2822090 code [0x00000252a28222a0, 0x00000252a2822ac8]
Event: 22.623 Thread 0x00000252b755c780 6371       1       org.jetbrains.kotlin.resolve.lazy.descriptors.ClassResolutionScopesSupport::access$getGetOuterScope$p (5 bytes)
Event: 22.623 Thread 0x00000252b755c780 nmethod 6371 0x00000252a97bd710 code [0x00000252a97bd8a0, 0x00000252a97bd958]
Event: 22.625 Thread 0x00000252b755c780 6372       3       org.jetbrains.kotlin.resolve.DescriptorResolver::getDefaultVisibility (68 bytes)
Event: 22.625 Thread 0x00000252b755c780 nmethod 6372 0x00000252a2822d90 code [0x00000252a2822f80, 0x00000252a28236d8]
Event: 22.629 Thread 0x00000252b755c780 6373       3       org.jetbrains.kotlin.psi.KtClassOrObject::isTopLevel (28 bytes)
Event: 22.630 Thread 0x00000252b755c780 nmethod 6373 0x00000252a2823810 code [0x00000252a28239e0, 0x00000252a2823f98]
Event: 22.630 Thread 0x00000252b755c780 6374       3       org.jetbrains.kotlin.descriptors.impl.FieldDescriptorImpl::<init> (23 bytes)

GC Heap History (20 events):
Event: 3.834 GC heap before
{Heap before GC invocations=5 (full 0):
 garbage-first heap   total 31744K, used 21981K [0x00000000a2200000, 0x0000000100000000)
  region size 1024K, 9 young (9216K), 1 survivors (1024K)
 Metaspace       used 24891K, committed 25088K, reserved 1114112K
  class space    used 3199K, committed 3264K, reserved 1048576K
}
Event: 3.841 GC heap after
{Heap after GC invocations=6 (full 0):
 garbage-first heap   total 31744K, used 15324K [0x00000000a2200000, 0x0000000100000000)
  region size 1024K, 2 young (2048K), 2 survivors (2048K)
 Metaspace       used 24891K, committed 25088K, reserved 1114112K
  class space    used 3199K, committed 3264K, reserved 1048576K
}
Event: 4.261 GC heap before
{Heap before GC invocations=6 (full 0):
 garbage-first heap   total 31744K, used 21468K [0x00000000a2200000, 0x0000000100000000)
  region size 1024K, 9 young (9216K), 2 survivors (2048K)
 Metaspace       used 27323K, committed 27520K, reserved 1114112K
  class space    used 3474K, committed 3584K, reserved 1048576K
}
Event: 4.267 GC heap after
{Heap after GC invocations=7 (full 0):
 garbage-first heap   total 63488K, used 15816K [0x00000000a2200000, 0x0000000100000000)
  region size 1024K, 1 young (1024K), 1 survivors (1024K)
 Metaspace       used 27323K, committed 27520K, reserved 1114112K
  class space    used 3474K, committed 3584K, reserved 1048576K
}
Event: 6.653 GC heap before
{Heap before GC invocations=7 (full 0):
 garbage-first heap   total 63488K, used 38344K [0x00000000a2200000, 0x0000000100000000)
  region size 1024K, 23 young (23552K), 1 survivors (1024K)
 Metaspace       used 31519K, committed 31744K, reserved 1114112K
  class space    used 3926K, committed 4032K, reserved 1048576K
}
Event: 6.661 GC heap after
{Heap after GC invocations=8 (full 0):
 garbage-first heap   total 63488K, used 16765K [0x00000000a2200000, 0x0000000100000000)
  region size 1024K, 3 young (3072K), 3 survivors (3072K)
 Metaspace       used 31519K, committed 31744K, reserved 1114112K
  class space    used 3926K, committed 4032K, reserved 1048576K
}
Event: 8.310 GC heap before
{Heap before GC invocations=8 (full 0):
 garbage-first heap   total 63488K, used 37245K [0x00000000a2200000, 0x0000000100000000)
  region size 1024K, 25 young (25600K), 3 survivors (3072K)
 Metaspace       used 35820K, committed 35968K, reserved 1114112K
  class space    used 4321K, committed 4416K, reserved 1048576K
}
Event: 8.319 GC heap after
{Heap after GC invocations=9 (full 0):
 garbage-first heap   total 63488K, used 18741K [0x00000000a2200000, 0x0000000100000000)
  region size 1024K, 2 young (2048K), 2 survivors (2048K)
 Metaspace       used 35820K, committed 35968K, reserved 1114112K
  class space    used 4321K, committed 4416K, reserved 1048576K
}
Event: 10.323 GC heap before
{Heap before GC invocations=10 (full 0):
 garbage-first heap   total 63488K, used 43317K [0x00000000a2200000, 0x0000000100000000)
  region size 1024K, 25 young (25600K), 2 survivors (2048K)
 Metaspace       used 41363K, committed 41600K, reserved 1114112K
  class space    used 4964K, committed 5056K, reserved 1048576K
}
Event: 10.335 GC heap after
{Heap after GC invocations=11 (full 0):
 garbage-first heap   total 63488K, used 24003K [0x00000000a2200000, 0x0000000100000000)
  region size 1024K, 4 young (4096K), 4 survivors (4096K)
 Metaspace       used 41363K, committed 41600K, reserved 1114112K
  class space    used 4964K, committed 5056K, reserved 1048576K
}
Event: 11.979 GC heap before
{Heap before GC invocations=11 (full 0):
 garbage-first heap   total 63488K, used 44483K [0x00000000a2200000, 0x0000000100000000)
  region size 1024K, 24 young (24576K), 4 survivors (4096K)
 Metaspace       used 45261K, committed 45440K, reserved 1114112K
  class space    used 5410K, committed 5504K, reserved 1048576K
}
Event: 11.998 GC heap after
{Heap after GC invocations=12 (full 0):
 garbage-first heap   total 63488K, used 27305K [0x00000000a2200000, 0x0000000100000000)
  region size 1024K, 3 young (3072K), 3 survivors (3072K)
 Metaspace       used 45261K, committed 45440K, reserved 1114112K
  class space    used 5410K, committed 5504K, reserved 1048576K
}
Event: 14.386 GC heap before
{Heap before GC invocations=12 (full 0):
 garbage-first heap   total 63488K, used 45737K [0x00000000a2200000, 0x0000000100000000)
  region size 1024K, 21 young (21504K), 3 survivors (3072K)
 Metaspace       used 48981K, committed 49280K, reserved 1114112K
  class space    used 5942K, committed 6080K, reserved 1048576K
}
Event: 14.406 GC heap after
{Heap after GC invocations=13 (full 0):
 garbage-first heap   total 63488K, used 30277K [0x00000000a2200000, 0x0000000100000000)
  region size 1024K, 3 young (3072K), 3 survivors (3072K)
 Metaspace       used 48981K, committed 49280K, reserved 1114112K
  class space    used 5942K, committed 6080K, reserved 1048576K
}
Event: 14.975 GC heap before
{Heap before GC invocations=13 (full 0):
 garbage-first heap   total 63488K, used 48709K [0x00000000a2200000, 0x0000000100000000)
  region size 1024K, 20 young (20480K), 3 survivors (3072K)
 Metaspace       used 49197K, committed 49472K, reserved 1114112K
  class space    used 5953K, committed 6080K, reserved 1048576K
}
Event: 14.986 GC heap after
{Heap after GC invocations=14 (full 0):
 garbage-first heap   total 63488K, used 32098K [0x00000000a2200000, 0x0000000100000000)
  region size 1024K, 2 young (2048K), 2 survivors (2048K)
 Metaspace       used 49197K, committed 49472K, reserved 1114112K
  class space    used 5953K, committed 6080K, reserved 1048576K
}
Event: 16.024 GC heap before
{Heap before GC invocations=14 (full 0):
 garbage-first heap   total 63488K, used 47458K [0x00000000a2200000, 0x0000000100000000)
  region size 1024K, 18 young (18432K), 2 survivors (2048K)
 Metaspace       used 49497K, committed 49728K, reserved 1114112K
  class space    used 5968K, committed 6080K, reserved 1048576K
}
Event: 16.032 GC heap after
{Heap after GC invocations=15 (full 0):
 garbage-first heap   total 76800K, used 32916K [0x00000000a2200000, 0x0000000100000000)
  region size 1024K, 2 young (2048K), 2 survivors (2048K)
 Metaspace       used 49497K, committed 49728K, reserved 1114112K
  class space    used 5968K, committed 6080K, reserved 1048576K
}
Event: 20.630 GC heap before
{Heap before GC invocations=16 (full 0):
 garbage-first heap   total 76800K, used 56468K [0x00000000a2200000, 0x0000000100000000)
  region size 1024K, 26 young (26624K), 2 survivors (2048K)
 Metaspace       used 52993K, committed 53184K, reserved 1114112K
  class space    used 6320K, committed 6400K, reserved 1048576K
}
Event: 20.649 GC heap after
{Heap after GC invocations=17 (full 0):
 garbage-first heap   total 76800K, used 36864K [0x00000000a2200000, 0x0000000100000000)
  region size 1024K, 4 young (4096K), 4 survivors (4096K)
 Metaspace       used 52993K, committed 53184K, reserved 1114112K
  class space    used 6320K, committed 6400K, reserved 1048576K
}

Dll operation events (2 events):
Event: 0.027 Loaded shared library C:\Program Files\Android\Android Studio\jbr\bin\java.dll
Event: 2.423 Loaded shared library C:\Program Files\Android\Android Studio\jbr\bin\verify.dll

Deoptimization events (20 events):
Event: 22.268 Thread 0x000002529e54d690 Uncommon trap: trap_request=0xffffffbe fr.pc=0x00000252a974fb9c relative=0x00000000000028dc
Event: 22.268 Thread 0x000002529e54d690 Uncommon trap: reason=profile_predicate action=maybe_recompile pc=0x00000252a974fb9c method=org.jetbrains.kotlin.serialization.deserialization.descriptors.DeserializedPackageMemberScope.hasClass(Lorg/jetbrains/kotlin/name/Name;)Z @ 65 c2
Event: 22.268 Thread 0x000002529e54d690 DEOPT PACKING pc=0x00000252a974fb9c sp=0x000000cb0f5fc1f0
Event: 22.268 Thread 0x000002529e54d690 DEOPT UNPACKING pc=0x00000252a8fa69a3 sp=0x000000cb0f5fc0d0 mode 2
Event: 22.269 Thread 0x000002529e54d690 Uncommon trap: trap_request=0xffffffbe fr.pc=0x00000252a974fb9c relative=0x00000000000028dc
Event: 22.269 Thread 0x000002529e54d690 Uncommon trap: reason=profile_predicate action=maybe_recompile pc=0x00000252a974fb9c method=org.jetbrains.kotlin.serialization.deserialization.descriptors.DeserializedPackageMemberScope.hasClass(Lorg/jetbrains/kotlin/name/Name;)Z @ 65 c2
Event: 22.269 Thread 0x000002529e54d690 DEOPT PACKING pc=0x00000252a974fb9c sp=0x000000cb0f5fc1f0
Event: 22.269 Thread 0x000002529e54d690 DEOPT UNPACKING pc=0x00000252a8fa69a3 sp=0x000000cb0f5fc0d0 mode 2
Event: 22.269 Thread 0x000002529e54d690 Uncommon trap: trap_request=0xffffffbe fr.pc=0x00000252a974fb9c relative=0x00000000000028dc
Event: 22.269 Thread 0x000002529e54d690 Uncommon trap: reason=profile_predicate action=maybe_recompile pc=0x00000252a974fb9c method=org.jetbrains.kotlin.serialization.deserialization.descriptors.DeserializedPackageMemberScope.hasClass(Lorg/jetbrains/kotlin/name/Name;)Z @ 65 c2
Event: 22.269 Thread 0x000002529e54d690 DEOPT PACKING pc=0x00000252a974fb9c sp=0x000000cb0f5fc1f0
Event: 22.269 Thread 0x000002529e54d690 DEOPT UNPACKING pc=0x00000252a8fa69a3 sp=0x000000cb0f5fc0d0 mode 2
Event: 22.304 Thread 0x000002529e54d690 Uncommon trap: trap_request=0xffffffbe fr.pc=0x00000252a97563ac relative=0x000000000000142c
Event: 22.304 Thread 0x000002529e54d690 Uncommon trap: reason=profile_predicate action=maybe_recompile pc=0x00000252a97563ac method=org.jetbrains.kotlin.serialization.deserialization.descriptors.DeserializedPackageMemberScope.hasClass(Lorg/jetbrains/kotlin/name/Name;)Z @ 65 c2
Event: 22.304 Thread 0x000002529e54d690 DEOPT PACKING pc=0x00000252a97563ac sp=0x000000cb0f5fc090
Event: 22.304 Thread 0x000002529e54d690 DEOPT UNPACKING pc=0x00000252a8fa69a3 sp=0x000000cb0f5fc020 mode 2
Event: 22.416 Thread 0x000002529e54d690 Uncommon trap: trap_request=0xffffff45 fr.pc=0x00000252a97b4dd4 relative=0x0000000000001094
Event: 22.416 Thread 0x000002529e54d690 Uncommon trap: reason=unstable_if action=reinterpret pc=0x00000252a97b4dd4 method=org.jetbrains.kotlin.serialization.deserialization.descriptors.DeserializedMemberScope.getContributedClassifier(Lorg/jetbrains/kotlin/name/Name;Lorg/jetbrains/kotlin/increme
Event: 22.416 Thread 0x000002529e54d690 DEOPT PACKING pc=0x00000252a97b4dd4 sp=0x000000cb0f5fc9f0
Event: 22.416 Thread 0x000002529e54d690 DEOPT UNPACKING pc=0x00000252a8fa69a3 sp=0x000000cb0f5fc968 mode 2

Classes unloaded (0 events):
No events

Classes redefined (0 events):
No events

Internal exceptions (20 events):
Event: 2.603 Thread 0x000002529e54d690 Exception <a 'java/lang/NoSuchMethodError'{0x00000000a6dc2570}: 'java.lang.Object java.lang.invoke.Invokers$Holder.invokeExact_MT(java.lang.Object, java.lang.Object, java.lang.Object, java.lang.Object, java.lang.Object, java.lang.Object)'> (0x00000000a6dc2570) 
thrown [s\src\hotspot\share\interpreter\linkResolver.cpp, line 771]
Event: 3.925 Thread 0x000002529e54d690 Implicit null exception at 0x00000252a9513ef2 to 0x00000252a95144bc
Event: 4.323 Thread 0x000002529e54d690 Implicit null exception at 0x00000252a9514af2 to 0x00000252a95150cc
Event: 4.532 Thread 0x000002529e54d690 Exception <a 'java/lang/NoSuchMethodError'{0x00000000a5ad3fb0}: 'java.lang.Object java.lang.invoke.DirectMethodHandle$Holder.invokeVirtual(java.lang.Object, java.lang.Object, java.lang.Object)'> (0x00000000a5ad3fb0) 
thrown [s\src\hotspot\share\interpreter\linkResolver.cpp, line 771]
Event: 8.482 Thread 0x000002529e54d690 Exception <a 'java/lang/NoSuchMethodError'{0x00000000a5b423c0}: 'java.lang.Object java.lang.invoke.DirectMethodHandle$Holder.newInvokeSpecial(java.lang.Object, java.lang.Object, int)'> (0x00000000a5b423c0) 
thrown [s\src\hotspot\share\interpreter\linkResolver.cpp, line 771]
Event: 9.365 Thread 0x000002529e54d690 Exception <a 'java/lang/NoSuchMethodError'{0x00000000a532f278}: 'java.lang.Object java.lang.invoke.DirectMethodHandle$Holder.newInvokeSpecial(java.lang.Object, java.lang.Object, java.lang.Object, int)'> (0x00000000a532f278) 
thrown [s\src\hotspot\share\interpreter\linkResolver.cpp, line 771]
Event: 9.368 Thread 0x000002529e54d690 Exception <a 'java/lang/NoSuchMethodError'{0x00000000a5333900}: 'java.lang.Object java.lang.invoke.DirectMethodHandle$Holder.invokeSpecial(java.lang.Object, java.lang.Object, java.lang.Object, java.lang.Object, int)'> (0x00000000a5333900) 
thrown [s\src\hotspot\share\interpreter\linkResolver.cpp, line 771]
Event: 9.369 Thread 0x000002529e54d690 Exception <a 'java/lang/NoSuchMethodError'{0x00000000a5337770}: 'java.lang.Object java.lang.invoke.Invokers$Holder.linkToTargetMethod(java.lang.Object, java.lang.Object, int, java.lang.Object)'> (0x00000000a5337770) 
thrown [s\src\hotspot\share\interpreter\linkResolver.cpp, line 771]
Event: 11.768 Thread 0x000002529e54d690 Implicit null exception at 0x00000252a95f871c to 0x00000252a95fcef0
Event: 12.002 Thread 0x000002529e54d690 Exception <a 'java/lang/NoSuchMethodError'{0x00000000a7f00400}: 'java.lang.Object java.lang.invoke.DirectMethodHandle$Holder.newInvokeSpecial(java.lang.Object, java.lang.Object, java.lang.Object, java.lang.Object, java.lang.Object)'> (0x00000000a7f00400) 
thrown [s\src\hotspot\share\interpreter\linkResolver.cpp, line 771]
Event: 12.011 Thread 0x000002529e54d690 Exception <a 'java/lang/NoSuchMethodError'{0x00000000a7f0fd90}: 'java.lang.Object java.lang.invoke.DirectMethodHandle$Holder.invokeStatic(java.lang.Object, java.lang.Object, java.lang.Object, java.lang.Object, int)'> (0x00000000a7f0fd90) 
thrown [s\src\hotspot\share\interpreter\linkResolver.cpp, line 771]
Event: 12.013 Thread 0x000002529e54d690 Exception <a 'java/lang/NoSuchMethodError'{0x00000000a7f19a78}: 'java.lang.Object java.lang.invoke.DirectMethodHandle$Holder.newInvokeSpecial(java.lang.Object, java.lang.Object, java.lang.Object, java.lang.Object, int)'> (0x00000000a7f19a78) 
thrown [s\src\hotspot\share\interpreter\linkResolver.cpp, line 771]
Event: 12.021 Thread 0x000002529e54d690 Exception <a 'java/lang/NoSuchMethodError'{0x00000000a7f21c40}: 'java.lang.Object java.lang.invoke.Invokers$Holder.linkToTargetMethod(java.lang.Object, java.lang.Object, java.lang.Object, int, java.lang.Object)'> (0x00000000a7f21c40) 
thrown [s\src\hotspot\share\interpreter\linkResolver.cpp, line 771]
Event: 13.686 Thread 0x000002529e54d690 Exception <a 'java/lang/NoSuchMethodError'{0x00000000a517a3e8}: 'java.lang.Object java.lang.invoke.DirectMethodHandle$Holder.newInvokeSpecial(java.lang.Object, java.lang.Object, java.lang.Object, java.lang.Object, java.lang.Object, java.lang.Object, java.lang.Object, java.lang.Object)'> (0x00000000a517a3e8) 
thrown [s\src\hotspot\share\interpreter\linkResolver.cpp, line 771]
Event: 13.689 Thread 0x000002529e54d690 Exception <a 'java/lang/NoSuchMethodError'{0x00000000a517fa00}: 'java.lang.Object java.lang.invoke.DirectMethodHandle$Holder.invokeSpecial(java.lang.Object, java.lang.Object, java.lang.Object, java.lang.Object, java.lang.Object, java.lang.Object, java.lang.Object, java.lang.Object, java.lang.Object)'> (0x00000000a517fa00) 
thrown [s\src\hotspot\share\interpreter\linkResolver.cpp, line 771]
Event: 13.689 Thread 0x000002529e54d690 Exception <a 'java/lang/NoSuchMethodError'{0x00000000a5184930}: 'java.lang.Object java.lang.invoke.Invokers$Holder.linkToTargetMethod(java.lang.Object, java.lang.Object, java.lang.Object, java.lang.Object, java.lang.Object, java.lang.Object, java.lang.Object, java.lang.Object)'> (0x00000000a5184930) 
thrown [s\src\hotspot\share\interpreter\linkResolver.cpp, line 771]
Event: 16.350 Thread 0x000002529e54d690 Implicit null exception at 0x00000252a96a406a to 0x00000252a96a4228
Event: 18.749 Thread 0x000002529e54d690 Exception <a 'java/lang/NoSuchMethodError'{0x00000000a5b8edb0}: 'void java.lang.invoke.DirectMethodHandle$Holder.invokeInterface(java.lang.Object, java.lang.Object)'> (0x00000000a5b8edb0) 
thrown [s\src\hotspot\share\interpreter\linkResolver.cpp, line 771]
Event: 21.698 Thread 0x000002529e54d690 Exception <a 'java/lang/IncompatibleClassChangeError'{0x00000000a68e4be8}: Found class java.lang.Object, but interface was expected> (0x00000000a68e4be8) 
thrown [s\src\hotspot\share\interpreter\linkResolver.cpp, line 838]
Event: 22.184 Thread 0x000002529e54d690 Exception <a 'java/lang/NoSuchMethodError'{0x00000000a64400b0}: 'java.lang.Object java.lang.invoke.DirectMethodHandle$Holder.newInvokeSpecial(java.lang.Object, java.lang.Object, java.lang.Object, java.lang.Object, java.lang.Object, java.lang.Object)'> (0x00000000a64400b0) 
thrown [s\src\hotspot\share\interpreter\linkResolver.cpp, line 771]

VM Operations (20 events):
Event: 18.344 Executing VM operation: HandshakeAllThreads
Event: 18.344 Executing VM operation: HandshakeAllThreads done
Event: 18.536 Executing VM operation: HandshakeAllThreads
Event: 18.536 Executing VM operation: HandshakeAllThreads done
Event: 19.395 Executing VM operation: HandshakeAllThreads
Event: 19.395 Executing VM operation: HandshakeAllThreads done
Event: 19.395 Executing VM operation: Cleanup
Event: 19.395 Executing VM operation: Cleanup done
Event: 20.265 Executing VM operation: ICBufferFull
Event: 20.266 Executing VM operation: ICBufferFull done
Event: 20.546 Executing VM operation: ICBufferFull
Event: 20.546 Executing VM operation: ICBufferFull done
Event: 20.630 Executing VM operation: G1CollectForAllocation
Event: 20.649 Executing VM operation: G1CollectForAllocation done
Event: 21.404 Executing VM operation: ICBufferFull
Event: 21.404 Executing VM operation: ICBufferFull done
Event: 21.709 Executing VM operation: ICBufferFull
Event: 21.709 Executing VM operation: ICBufferFull done
Event: 22.174 Executing VM operation: ICBufferFull
Event: 22.175 Executing VM operation: ICBufferFull done

Events (20 events):
Event: 18.772 loading class java/util/stream/Node$OfInt done
Event: 18.772 loading class java/util/stream/Nodes$EmptyNode$OfInt done
Event: 18.772 loading class java/util/stream/Nodes$EmptyNode$OfLong
Event: 18.776 loading class java/util/stream/Node$OfLong
Event: 18.776 loading class java/util/stream/Node$OfLong done
Event: 18.776 loading class java/util/stream/Nodes$EmptyNode$OfLong done
Event: 18.776 loading class java/util/stream/Nodes$EmptyNode$OfDouble
Event: 18.776 loading class java/util/stream/Node$OfDouble
Event: 18.777 loading class java/util/stream/Node$OfDouble done
Event: 18.777 loading class java/util/stream/Nodes$EmptyNode$OfDouble done
Event: 18.777 loading class java/util/stream/Nodes$SpinedNodeBuilder
Event: 18.777 loading class java/util/stream/Node$Builder
Event: 18.777 loading class java/util/stream/Node$Builder done
Event: 18.777 loading class java/util/stream/SpinedBuffer
Event: 18.778 loading class java/util/stream/AbstractSpinedBuffer
Event: 18.779 loading class java/util/stream/AbstractSpinedBuffer done
Event: 18.779 loading class java/util/stream/SpinedBuffer done
Event: 18.779 loading class java/util/stream/Nodes$SpinedNodeBuilder done
Event: 18.899 loading class java/util/RegularEnumSet$EnumSetIterator
Event: 18.899 loading class java/util/RegularEnumSet$EnumSetIterator done


Dynamic libraries:
0x00007ff695c70000 - 0x00007ff695c7a000 	C:\Program Files\Android\Android Studio\jbr\bin\java.exe
0x00007fffc5430000 - 0x00007fffc5647000 	C:\WINDOWS\SYSTEM32\ntdll.dll
0x00007fffc38f0000 - 0x00007fffc39b4000 	C:\WINDOWS\System32\KERNEL32.DLL
0x00007fffc29e0000 - 0x00007fffc2d87000 	C:\WINDOWS\System32\KERNELBASE.dll
0x00007fffc2d90000 - 0x00007fffc2ea1000 	C:\WINDOWS\System32\ucrtbase.dll
0x00007fffb13e0000 - 0x00007fffb13fb000 	C:\Program Files\Android\Android Studio\jbr\bin\VCRUNTIME140.dll
0x00007fffb16d0000 - 0x00007fffb16e7000 	C:\Program Files\Android\Android Studio\jbr\bin\jli.dll
0x00007fffc47c0000 - 0x00007fffc496e000 	C:\WINDOWS\System32\USER32.dll
0x00007fffc3130000 - 0x00007fffc3156000 	C:\WINDOWS\System32\win32u.dll
0x00007fffc4df0000 - 0x00007fffc4e19000 	C:\WINDOWS\System32\GDI32.dll
0x00007fffc3010000 - 0x00007fffc3129000 	C:\WINDOWS\System32\gdi32full.dll
0x00007fffc2f70000 - 0x00007fffc300a000 	C:\WINDOWS\System32\msvcp_win.dll
0x00007fffa4e50000 - 0x00007fffa50e3000 	C:\WINDOWS\WinSxS\amd64_microsoft.windows.common-controls_6595b64144ccf1df_6.0.22621.3527_none_270e469b73872a76\COMCTL32.dll
0x00007fffc4e20000 - 0x00007fffc4ec7000 	C:\WINDOWS\System32\msvcrt.dll
0x00007fffc53b0000 - 0x00007fffc53e1000 	C:\WINDOWS\System32\IMM32.DLL
0x00007fffbd520000 - 0x00007fffbd52c000 	C:\Program Files\Android\Android Studio\jbr\bin\vcruntime140_1.dll
0x00007fff96480000 - 0x00007fff9650d000 	C:\Program Files\Android\Android Studio\jbr\bin\msvcp140.dll
0x00007fff64470000 - 0x00007fff650f3000 	C:\Program Files\Android\Android Studio\jbr\bin\server\jvm.dll
0x00007fffc3830000 - 0x00007fffc38e2000 	C:\WINDOWS\System32\ADVAPI32.dll
0x00007fffc42b0000 - 0x00007fffc4358000 	C:\WINDOWS\System32\sechost.dll
0x00007fffc27d0000 - 0x00007fffc27f8000 	C:\WINDOWS\System32\bcrypt.dll
0x00007fffc3710000 - 0x00007fffc3825000 	C:\WINDOWS\System32\RPCRT4.dll
0x00007fffc2610000 - 0x00007fffc265d000 	C:\WINDOWS\SYSTEM32\POWRPROF.dll
0x00007fffbf380000 - 0x00007fffbf389000 	C:\WINDOWS\SYSTEM32\WSOCK32.dll
0x00007fffba3c0000 - 0x00007fffba3ca000 	C:\WINDOWS\SYSTEM32\VERSION.dll
0x00007fffc0210000 - 0x00007fffc0244000 	C:\WINDOWS\SYSTEM32\WINMM.dll
0x00007fffc4220000 - 0x00007fffc4291000 	C:\WINDOWS\System32\WS2_32.dll
0x00007fffc2540000 - 0x00007fffc2553000 	C:\WINDOWS\SYSTEM32\UMPDC.dll
0x00007fffc1770000 - 0x00007fffc1788000 	C:\WINDOWS\SYSTEM32\kernel.appcore.dll
0x00007fffbca10000 - 0x00007fffbca1a000 	C:\Program Files\Android\Android Studio\jbr\bin\jimage.dll
0x00007fffbff90000 - 0x00007fffc01c2000 	C:\WINDOWS\SYSTEM32\DBGHELP.DLL
0x00007fffc5020000 - 0x00007fffc53a8000 	C:\WINDOWS\System32\combase.dll
0x00007fffc4f40000 - 0x00007fffc5017000 	C:\WINDOWS\System32\OLEAUT32.dll
0x00007fffc01d0000 - 0x00007fffc0202000 	C:\WINDOWS\SYSTEM32\dbgcore.DLL
0x00007fffc2750000 - 0x00007fffc27c9000 	C:\WINDOWS\System32\bcryptPrimitives.dll
0x00007fffb1ae0000 - 0x00007fffb1b05000 	C:\Program Files\Android\Android Studio\jbr\bin\java.dll
0x00007fffb8380000 - 0x00007fffb8398000 	C:\Program Files\Android\Android Studio\jbr\bin\zip.dll
0x00007fffc39c0000 - 0x00007fffc421c000 	C:\WINDOWS\System32\SHELL32.dll
0x00007fffc0690000 - 0x00007fffc0f86000 	C:\WINDOWS\SYSTEM32\windows.storage.dll
0x00007fffc0550000 - 0x00007fffc068e000 	C:\WINDOWS\SYSTEM32\wintypes.dll
0x00007fffc46c0000 - 0x00007fffc47b5000 	C:\WINDOWS\System32\SHCORE.dll
0x00007fffc3320000 - 0x00007fffc337e000 	C:\WINDOWS\System32\shlwapi.dll
0x00007fffc2680000 - 0x00007fffc26a1000 	C:\WINDOWS\SYSTEM32\profapi.dll
0x00007fffb1930000 - 0x00007fffb1949000 	C:\Program Files\Android\Android Studio\jbr\bin\net.dll
0x00007fffbbec0000 - 0x00007fffbbff6000 	C:\WINDOWS\SYSTEM32\WINHTTP.dll
0x00007fffc1be0000 - 0x00007fffc1c49000 	C:\WINDOWS\system32\mswsock.dll
0x00007fffb1910000 - 0x00007fffb1926000 	C:\Program Files\Android\Android Studio\jbr\bin\nio.dll
0x00007fffbc9f0000 - 0x00007fffbca00000 	C:\Program Files\Android\Android Studio\jbr\bin\verify.dll

dbghelp: loaded successfully - version: 4.0.5 - missing functions: none
symbol engine: initialized successfully - sym options: 0x614 - pdb path: .;C:\Program Files\Android\Android Studio\jbr\bin;C:\WINDOWS\SYSTEM32;C:\WINDOWS\WinSxS\amd64_microsoft.windows.common-controls_6595b64144ccf1df_6.0.22621.3527_none_270e469b73872a76;C:\Program Files\Android\Android Studio\jbr\bin\server

VM Arguments:
java_command: org.jetbrains.kotlin.cli.jvm.K2JVMCompiler @C:\Users\Noah Marinic\Documents\GitHub\BA_STUFF\React Native\PWManager\pwmanager\node_modules\react-native-screens\android\build\20240520_11939183322332240650.compiler.options
java_class_path (initial): C:\Users\Noah Marinic\scoop\apps\gradle\current\.gradle\caches\modules-2\files-2.1\org.jetbrains.kotlin\kotlin-compiler-embeddable\1.9.22\9cd4dc7773cf2a99ecd961a88fbbc9a2da3fb5e1\kotlin-compiler-embeddable-1.9.22.jar;C:\Users\Noah Marinic\scoop\apps\gradle\current\.gradle\caches\modules-2\files-2.1\org.jetbrains.kotlin\kotlin-stdlib\1.9.22\d6c44cd08d8f3f9bece8101216dbe6553365c6e3\kotlin-stdlib-1.9.22.jar;C:\Users\Noah Marinic\scoop\apps\gradle\current\.gradle\caches\modules-2\files-2.1\org.jetbrains.kotlin\kotlin-script-runtime\1.9.22\f8139a46fc677ec9badc49ae954392f4f5e7e7c7\kotlin-script-runtime-1.9.22.jar;C:\Users\Noah Marinic\scoop\apps\gradle\current\.gradle\caches\modules-2\files-2.1\org.jetbrains.kotlin\kotlin-reflect\1.6.10\1cbe9c92c12a94eea200d23c2bbaedaf3daf5132\kotlin-reflect-1.6.10.jar;C:\Users\Noah Marinic\scoop\apps\gradle\current\.gradle\caches\modules-2\files-2.1\org.jetbrains.kotlin\kotlin-daemon-embeddable\1.9.22\20e2c5df715f3240c765cfc222530e2796542021\kotlin-daemon-embeddable-1.9.22.jar;C:\Users\Noah Marinic\scoop\apps\gradle\current\.gradle\caches\modules-2\files-2.1\org.jetbrains.intellij.deps\trove4j\1.0.20200330\3afb14d5f9ceb459d724e907a21145e8ff394f02\trove4j-1.0.20200330.jar;C:\Users\Noah Marinic\scoop\apps\gradle\current\.gradle\caches\modules-2\files-2.1\org.jetbrains\annotations\13.0\919f0dfe192fb4e063e7dacadee7f8bb9a2672a9\annotations-13.0.jar
Launcher Type: SUN_STANDARD

[Global flags]
     intx CICompilerCount                          = 4                                         {product} {ergonomic}
     uint ConcGCThreads                            = 3                                         {product} {ergonomic}
     uint G1ConcRefinementThreads                  = 10                                        {product} {ergonomic}
   size_t G1HeapRegionSize                         = 1048576                                   {product} {ergonomic}
    uintx GCDrainStackTargetSize                   = 64                                        {product} {ergonomic}
   size_t InitialHeapSize                          = 98566144                                  {product} {ergonomic}
   size_t MarkStackSize                            = 4194304                                   {product} {ergonomic}
   size_t MaxHeapSize                              = 1574961152                                {product} {ergonomic}
   size_t MaxNewSize                               = 944766976                                 {product} {ergonomic}
   size_t MinHeapDeltaBytes                        = 1048576                                   {product} {ergonomic}
   size_t MinHeapSize                              = 8388608                                   {product} {ergonomic}
    uintx NonNMethodCodeHeapSize                   = 5839372                                {pd product} {ergonomic}
    uintx NonProfiledCodeHeapSize                  = 122909434                              {pd product} {ergonomic}
    uintx ProfiledCodeHeapSize                     = 122909434                              {pd product} {ergonomic}
    uintx ReservedCodeCacheSize                    = 251658240                              {pd product} {ergonomic}
     bool SegmentedCodeCache                       = true                                      {product} {ergonomic}
   size_t SoftMaxHeapSize                          = 1574961152                             {manageable} {ergonomic}
     bool UseCompressedClassPointers               = true                           {product lp64_product} {ergonomic}
     bool UseCompressedOops                        = true                           {product lp64_product} {ergonomic}
     bool UseG1GC                                  = true                                      {product} {ergonomic}
     bool UseLargePagesIndividualAllocation        = false                                  {pd product} {ergonomic}

Logging:
Log output configuration:
 #0: stdout all=warning uptime,level,tags
 #1: stderr all=off uptime,level,tags

Environment Variables:
JAVA_HOME=C:\Program Files\Android\Android Studio\jbr
PATH=C:\Program Files\Common Files\Oracle\Java\javapath;C:\Program Files (x86)\Common Files\Oracle\Java\javapath;C:\WINDOWS\system32;C:\WINDOWS;C:\WINDOWS\System32\Wbem;C:\WINDOWS\System32\WindowsPowerShell\v1.0\;C:\WINDOWS\System32\OpenSSH\;C:\Program Files\nodejs\;C:\Users\Noah Marinic\flutter\bin;C:\Program Files (x86)\Windows Kits\10\Windows Performance Toolkit\;C:\Users\Noah Marinic\AppData\Local\Android\Sdk\platform-tools;C:\Program Files\Git\cmd;C:\Users\Noah Marinic\scoop\shims;C:\Users\Noah Marinic\AppData\Local\Programs\Python\Python312\Scripts\;C:\Users\Noah Marinic\AppData\Local\Programs\Python\Python312\;C:\Users\Noah Marinic\AppData\Local\Microsoft\WindowsApps;C:\Users\Noah Marinic\AppData\Local\Programs\Microsoft VS Code\bin;C:\Users\Noah Marinic\AppData\Roaming\npm;C:\Users\Noah Marinic\AppData\Local\GitHubDesktop\bin;C:\Users\Noah Marinic\AppData\Roaming\.flashlight;C:\Users\Noah Marinic\AppData\Local\Programs\Python\Python312\Scripts;C:\Program Files\Android\Android Studio\jbr\bin;C:\Users\Noah Marinic\AppData\Local\Android\Sdk\platform-tools;C:\Users\Noah Marinic\AppData\Local\Android\Sdk\tools;C:\Users\Noah Marinic\AppData\Local\Android\Sdk\tools\bin;
USERNAME=Noah Marinic
OS=Windows_NT
PROCESSOR_IDENTIFIER=AMD64 Family 23 Model 104 Stepping 1, AuthenticAMD
TMP=C:\Users\NOAHMA~1\AppData\Local\Temp
TEMP=C:\Users\NOAHMA~1\AppData\Local\Temp



Periodic native trim disabled

JNI global refs:
JNI global refs: 10, weak refs: 5

JNI global refs memory usage: 843, weak refs: 841

OOME stack traces (most recent first):
Classloader memory used:
Loader jdk.internal.loader.ClassLoaders$AppClassLoader                                 : 5409K
Loader bootstrap                                                                       : 1326K
Loader jdk.internal.reflect.DelegatingClassLoader                                      : 17156B


---------------  S Y S T E M  ---------------

OS:
 Windows 11 , 64 bit Build 22621 (10.0.22621.3527)
OS uptime: 2 days 21:03 hours

CPU: total 12 (initial active 12) (12 cores per cpu, 2 threads per core) family 23 model 104 stepping 1 microcode 0x0, cx8, cmov, fxsr, ht, mmx, 3dnowpref, sse, sse2, sse3, ssse3, sse4a, sse4.1, sse4.2, popcnt, lzcnt, tsc, tscinvbit, avx, avx2, aes, clmul, bmi1, bmi2, adx, sha, fma, vzeroupper, clflush, clflushopt
Processor Information for all 12 processors :
  Max Mhz: 2100, Current Mhz: 2100, Mhz Limit: 2100

Memory: 4k page, system-wide physical 6005M (90M free)
TotalPageFile size 24437M (AvailPageFile size 0M)
current process WorkingSet (physical memory assigned to process): 163M, peak: 170M
current process commit charge ("private bytes"): 253M, peak: 263M

vm_info: OpenJDK 64-Bit Server VM (17.0.10+0--11572160) for windows-amd64 JRE (17.0.10+0--11572160), built on Mar 13 2024 23:56:38 by "androidbuild" with MS VC++ 16.10 / 16.11 (VS2019)

END.
